ARM GAS  C:\Users\arthu\AppData\Local\Temp\ccwFHhPn.s 			page 1


   1              		.cpu cortex-m3
   2              		.arch armv7-m
   3              		.fpu softvfp
   4              		.eabi_attribute 20, 1
   5              		.eabi_attribute 21, 1
   6              		.eabi_attribute 23, 3
   7              		.eabi_attribute 24, 1
   8              		.eabi_attribute 25, 1
   9              		.eabi_attribute 26, 1
  10              		.eabi_attribute 30, 2
  11              		.eabi_attribute 34, 1
  12              		.eabi_attribute 18, 4
  13              		.file	"board.c"
  14              		.file 1 "D:/Arm GNU Toolchain arm-none-eabi/13.3 rel1/arm-none-eabi/include/machine/_default_types
  15              		.file 2 "D:/Arm GNU Toolchain arm-none-eabi/13.3 rel1/arm-none-eabi/include/sys/_stdint.h"
  16              		.file 3 "../../../os/hal/ports/STM32/LLD/GPIOv1/hal_pal_lld.h"
  17              		.file 4 "../../../os/hal/boards/STM32F103C8_MINIMAL/board.c"
  18              		.file 5 "../../../os/hal/ports/STM32/STM32F1xx/hal_lld.h"
  19              		.section	.gnu.debuglto_.debug_info,"e",%progbits
  20              	.Ldebug_info0:
  21              		.hidden	board.c.c0a512c2
  22              		.weak	board.c.c0a512c2
  23              	board.c.c0a512c2:
  24 0000 3C010000 		.4byte	0x13c
  25 0004 0500     		.2byte	0x5
  26 0006 01       		.byte	0x1
  27 0007 04       		.byte	0x4
  28 0008 00000000 		.4byte	.Ldebug_abbrev0
  29 000c 07       		.uleb128 0x7
  30 000d 94010000 		.4byte	.LASF23
  31 0011 1D       		.byte	0x1d
  32 0012 22010000 		.4byte	.LASF24
  33 0016 D0000000 		.4byte	.LASF25
  34 001a 00000000 		.4byte	.Ldebug_line0
  35 001e 08       		.uleb128 0x8
  36 001f 04       		.byte	0x4
  37 0020 05       		.byte	0x5
  38 0021 696E7400 		.ascii	"int\000"
  39 0025 01       		.uleb128 0x1
  40 0026 04       		.byte	0x4
  41 0027 07       		.byte	0x7
  42 0028 07000000 		.4byte	.LASF0
  43 002c 01       		.uleb128 0x1
  44 002d 08       		.byte	0x8
  45 002e 05       		.byte	0x5
  46 002f 14010000 		.4byte	.LASF1
  47 0033 01       		.uleb128 0x1
  48 0034 08       		.byte	0x8
  49 0035 04       		.byte	0x4
  50 0036 76010000 		.4byte	.LASF2
  51 003a 01       		.uleb128 0x1
  52 003b 01       		.byte	0x1
  53 003c 06       		.byte	0x6
  54 003d 82010000 		.4byte	.LASF3
  55 0041 01       		.uleb128 0x1
  56 0042 01       		.byte	0x1
  57 0043 08       		.byte	0x8
ARM GAS  C:\Users\arthu\AppData\Local\Temp\ccwFHhPn.s 			page 2


  58 0044 32000000 		.4byte	.LASF4
  59 0048 01       		.uleb128 0x1
  60 0049 02       		.byte	0x2
  61 004a 05       		.byte	0x5
  62 004b 55010000 		.4byte	.LASF5
  63 004f 01       		.uleb128 0x1
  64 0050 02       		.byte	0x2
  65 0051 07       		.byte	0x7
  66 0052 76000000 		.4byte	.LASF6
  67 0056 01       		.uleb128 0x1
  68 0057 04       		.byte	0x4
  69 0058 05       		.byte	0x5
  70 0059 6D010000 		.4byte	.LASF7
  71 005d 03       		.uleb128 0x3
  72 005e AF000000 		.4byte	.LASF10
  73 0062 01       		.byte	0x1
  74 0063 4F       		.byte	0x4f
  75 0064 19       		.byte	0x19
  76 0065 69000000 		.4byte	0x69
  77 0069 01       		.uleb128 0x1
  78 006a 04       		.byte	0x4
  79 006b 07       		.byte	0x7
  80 006c 64000000 		.4byte	.LASF8
  81 0070 01       		.uleb128 0x1
  82 0071 08       		.byte	0x8
  83 0072 07       		.byte	0x7
  84 0073 14000000 		.4byte	.LASF9
  85 0077 03       		.uleb128 0x3
  86 0078 89000000 		.4byte	.LASF11
  87 007c 02       		.byte	0x2
  88 007d 30       		.byte	0x30
  89 007e 14       		.byte	0x14
  90 007f 5D000000 		.4byte	0x5d
  91 0083 01       		.uleb128 0x1
  92 0084 01       		.byte	0x1
  93 0085 08       		.byte	0x8
  94 0086 C1000000 		.4byte	.LASF12
  95 008a 01       		.uleb128 0x1
  96 008b 01       		.byte	0x1
  97 008c 02       		.byte	0x2
  98 008d 8E010000 		.4byte	.LASF13
  99 0091 05       		.uleb128 0x5
 100 0092 0C       		.byte	0xc
 101 0093 68       		.byte	0x68
 102 0094 BA000000 		.4byte	0xba
 103 0098 04       		.uleb128 0x4
 104 0099 6F647200 		.ascii	"odr\000"
 105 009d 6A       		.byte	0x6a
 106 009e 77000000 		.4byte	0x77
 107 00a2 00       		.byte	0
 108 00a3 04       		.uleb128 0x4
 109 00a4 63726C00 		.ascii	"crl\000"
 110 00a8 6C       		.byte	0x6c
 111 00a9 77000000 		.4byte	0x77
 112 00ad 04       		.byte	0x4
 113 00ae 04       		.uleb128 0x4
 114 00af 63726800 		.ascii	"crh\000"
ARM GAS  C:\Users\arthu\AppData\Local\Temp\ccwFHhPn.s 			page 3


 115 00b3 6E       		.byte	0x6e
 116 00b4 77000000 		.4byte	0x77
 117 00b8 08       		.byte	0x8
 118 00b9 00       		.byte	0
 119 00ba 03       		.uleb128 0x3
 120 00bb 40000000 		.4byte	.LASF14
 121 00bf 03       		.byte	0x3
 122 00c0 6F       		.byte	0x6f
 123 00c1 03       		.byte	0x3
 124 00c2 91000000 		.4byte	0x91
 125 00c6 05       		.uleb128 0x5
 126 00c7 3C       		.byte	0x3c
 127 00c8 78       		.byte	0x78
 128 00c9 05010000 		.4byte	0x105
 129 00cd 02       		.uleb128 0x2
 130 00ce 66010000 		.4byte	.LASF15
 131 00d2 7A       		.byte	0x7a
 132 00d3 BA000000 		.4byte	0xba
 133 00d7 00       		.byte	0
 134 00d8 02       		.uleb128 0x2
 135 00d9 BA000000 		.4byte	.LASF16
 136 00dd 7C       		.byte	0x7c
 137 00de BA000000 		.4byte	0xba
 138 00e2 0C       		.byte	0xc
 139 00e3 02       		.uleb128 0x2
 140 00e4 5F010000 		.4byte	.LASF17
 141 00e8 7E       		.byte	0x7e
 142 00e9 BA000000 		.4byte	0xba
 143 00ed 18       		.byte	0x18
 144 00ee 02       		.uleb128 0x2
 145 00ef 00000000 		.4byte	.LASF18
 146 00f3 80       		.byte	0x80
 147 00f4 BA000000 		.4byte	0xba
 148 00f8 24       		.byte	0x24
 149 00f9 02       		.uleb128 0x2
 150 00fa 2B000000 		.4byte	.LASF19
 151 00fe 83       		.byte	0x83
 152 00ff BA000000 		.4byte	0xba
 153 0103 30       		.byte	0x30
 154 0104 00       		.byte	0
 155 0105 03       		.uleb128 0x3
 156 0106 92000000 		.4byte	.LASF20
 157 010a 03       		.byte	0x3
 158 010b 8D       		.byte	0x8d
 159 010c 03       		.byte	0x3
 160 010d C6000000 		.4byte	0xc6
 161 0111 09       		.uleb128 0x9
 162 0112 05010000 		.4byte	0x105
 163 0116 0A       		.uleb128 0xa
 164 0117 9C000000 		.4byte	.LASF26
 165 011b 03       		.byte	0x3
 166 011c B001     		.2byte	0x1b0
 167 011e 18       		.byte	0x18
 168 011f 11010000 		.4byte	0x111
 169 0123 0B       		.uleb128 0xb
 170 0124 16010000 		.4byte	0x116
 171 0128 04       		.byte	0x4
ARM GAS  C:\Users\arthu\AppData\Local\Temp\ccwFHhPn.s 			page 4


 172 0129 19       		.byte	0x19
 173 012a 11       		.byte	0x11
 174 012b 0C       		.uleb128 0xc
 175 012c 53000000 		.4byte	.LASF27
 176 0130 05       		.byte	0x5
 177 0131 E0       		.byte	0xe0
 178 0132 08       		.byte	0x8
 179 0133 06       		.uleb128 0x6
 180 0134 C6000000 		.4byte	.LASF21
 181 0138 30       		.byte	0x30
 182 0139 06       		.uleb128 0x6
 183 013a 07010000 		.4byte	.LASF22
 184 013e 28       		.byte	0x28
 185 013f 00       		.byte	0
 186              		.section	.gnu.debuglto_.debug_abbrev,"e",%progbits
 187              	.Ldebug_abbrev0:
 188 0000 01       		.uleb128 0x1
 189 0001 24       		.uleb128 0x24
 190 0002 00       		.byte	0
 191 0003 0B       		.uleb128 0xb
 192 0004 0B       		.uleb128 0xb
 193 0005 3E       		.uleb128 0x3e
 194 0006 0B       		.uleb128 0xb
 195 0007 03       		.uleb128 0x3
 196 0008 0E       		.uleb128 0xe
 197 0009 00       		.byte	0
 198 000a 00       		.byte	0
 199 000b 02       		.uleb128 0x2
 200 000c 0D       		.uleb128 0xd
 201 000d 00       		.byte	0
 202 000e 03       		.uleb128 0x3
 203 000f 0E       		.uleb128 0xe
 204 0010 3A       		.uleb128 0x3a
 205 0011 21       		.uleb128 0x21
 206 0012 03       		.sleb128 3
 207 0013 3B       		.uleb128 0x3b
 208 0014 0B       		.uleb128 0xb
 209 0015 39       		.uleb128 0x39
 210 0016 21       		.uleb128 0x21
 211 0017 19       		.sleb128 25
 212 0018 49       		.uleb128 0x49
 213 0019 13       		.uleb128 0x13
 214 001a 38       		.uleb128 0x38
 215 001b 0B       		.uleb128 0xb
 216 001c 00       		.byte	0
 217 001d 00       		.byte	0
 218 001e 03       		.uleb128 0x3
 219 001f 16       		.uleb128 0x16
 220 0020 00       		.byte	0
 221 0021 03       		.uleb128 0x3
 222 0022 0E       		.uleb128 0xe
 223 0023 3A       		.uleb128 0x3a
 224 0024 0B       		.uleb128 0xb
 225 0025 3B       		.uleb128 0x3b
 226 0026 0B       		.uleb128 0xb
 227 0027 39       		.uleb128 0x39
 228 0028 0B       		.uleb128 0xb
ARM GAS  C:\Users\arthu\AppData\Local\Temp\ccwFHhPn.s 			page 5


 229 0029 49       		.uleb128 0x49
 230 002a 13       		.uleb128 0x13
 231 002b 00       		.byte	0
 232 002c 00       		.byte	0
 233 002d 04       		.uleb128 0x4
 234 002e 0D       		.uleb128 0xd
 235 002f 00       		.byte	0
 236 0030 03       		.uleb128 0x3
 237 0031 08       		.uleb128 0x8
 238 0032 3A       		.uleb128 0x3a
 239 0033 21       		.uleb128 0x21
 240 0034 03       		.sleb128 3
 241 0035 3B       		.uleb128 0x3b
 242 0036 0B       		.uleb128 0xb
 243 0037 39       		.uleb128 0x39
 244 0038 21       		.uleb128 0x21
 245 0039 11       		.sleb128 17
 246 003a 49       		.uleb128 0x49
 247 003b 13       		.uleb128 0x13
 248 003c 38       		.uleb128 0x38
 249 003d 0B       		.uleb128 0xb
 250 003e 00       		.byte	0
 251 003f 00       		.byte	0
 252 0040 05       		.uleb128 0x5
 253 0041 13       		.uleb128 0x13
 254 0042 01       		.byte	0x1
 255 0043 0B       		.uleb128 0xb
 256 0044 0B       		.uleb128 0xb
 257 0045 3A       		.uleb128 0x3a
 258 0046 21       		.uleb128 0x21
 259 0047 03       		.sleb128 3
 260 0048 3B       		.uleb128 0x3b
 261 0049 0B       		.uleb128 0xb
 262 004a 39       		.uleb128 0x39
 263 004b 21       		.uleb128 0x21
 264 004c 09       		.sleb128 9
 265 004d 01       		.uleb128 0x1
 266 004e 13       		.uleb128 0x13
 267 004f 00       		.byte	0
 268 0050 00       		.byte	0
 269 0051 06       		.uleb128 0x6
 270 0052 2E       		.uleb128 0x2e
 271 0053 00       		.byte	0
 272 0054 3F       		.uleb128 0x3f
 273 0055 19       		.uleb128 0x19
 274 0056 03       		.uleb128 0x3
 275 0057 0E       		.uleb128 0xe
 276 0058 3A       		.uleb128 0x3a
 277 0059 21       		.uleb128 0x21
 278 005a 04       		.sleb128 4
 279 005b 3B       		.uleb128 0x3b
 280 005c 0B       		.uleb128 0xb
 281 005d 39       		.uleb128 0x39
 282 005e 21       		.uleb128 0x21
 283 005f 06       		.sleb128 6
 284 0060 27       		.uleb128 0x27
 285 0061 19       		.uleb128 0x19
ARM GAS  C:\Users\arthu\AppData\Local\Temp\ccwFHhPn.s 			page 6


 286 0062 00       		.byte	0
 287 0063 00       		.byte	0
 288 0064 07       		.uleb128 0x7
 289 0065 11       		.uleb128 0x11
 290 0066 01       		.byte	0x1
 291 0067 25       		.uleb128 0x25
 292 0068 0E       		.uleb128 0xe
 293 0069 13       		.uleb128 0x13
 294 006a 0B       		.uleb128 0xb
 295 006b 03       		.uleb128 0x3
 296 006c 0E       		.uleb128 0xe
 297 006d 1B       		.uleb128 0x1b
 298 006e 0E       		.uleb128 0xe
 299 006f 10       		.uleb128 0x10
 300 0070 17       		.uleb128 0x17
 301 0071 00       		.byte	0
 302 0072 00       		.byte	0
 303 0073 08       		.uleb128 0x8
 304 0074 24       		.uleb128 0x24
 305 0075 00       		.byte	0
 306 0076 0B       		.uleb128 0xb
 307 0077 0B       		.uleb128 0xb
 308 0078 3E       		.uleb128 0x3e
 309 0079 0B       		.uleb128 0xb
 310 007a 03       		.uleb128 0x3
 311 007b 08       		.uleb128 0x8
 312 007c 00       		.byte	0
 313 007d 00       		.byte	0
 314 007e 09       		.uleb128 0x9
 315 007f 26       		.uleb128 0x26
 316 0080 00       		.byte	0
 317 0081 49       		.uleb128 0x49
 318 0082 13       		.uleb128 0x13
 319 0083 00       		.byte	0
 320 0084 00       		.byte	0
 321 0085 0A       		.uleb128 0xa
 322 0086 34       		.uleb128 0x34
 323 0087 00       		.byte	0
 324 0088 03       		.uleb128 0x3
 325 0089 0E       		.uleb128 0xe
 326 008a 3A       		.uleb128 0x3a
 327 008b 0B       		.uleb128 0xb
 328 008c 3B       		.uleb128 0x3b
 329 008d 05       		.uleb128 0x5
 330 008e 39       		.uleb128 0x39
 331 008f 0B       		.uleb128 0xb
 332 0090 49       		.uleb128 0x49
 333 0091 13       		.uleb128 0x13
 334 0092 3F       		.uleb128 0x3f
 335 0093 19       		.uleb128 0x19
 336 0094 3C       		.uleb128 0x3c
 337 0095 19       		.uleb128 0x19
 338 0096 00       		.byte	0
 339 0097 00       		.byte	0
 340 0098 0B       		.uleb128 0xb
 341 0099 34       		.uleb128 0x34
 342 009a 00       		.byte	0
ARM GAS  C:\Users\arthu\AppData\Local\Temp\ccwFHhPn.s 			page 7


 343 009b 47       		.uleb128 0x47
 344 009c 13       		.uleb128 0x13
 345 009d 3A       		.uleb128 0x3a
 346 009e 0B       		.uleb128 0xb
 347 009f 3B       		.uleb128 0x3b
 348 00a0 0B       		.uleb128 0xb
 349 00a1 39       		.uleb128 0x39
 350 00a2 0B       		.uleb128 0xb
 351 00a3 00       		.byte	0
 352 00a4 00       		.byte	0
 353 00a5 0C       		.uleb128 0xc
 354 00a6 2E       		.uleb128 0x2e
 355 00a7 00       		.byte	0
 356 00a8 3F       		.uleb128 0x3f
 357 00a9 19       		.uleb128 0x19
 358 00aa 03       		.uleb128 0x3
 359 00ab 0E       		.uleb128 0xe
 360 00ac 3A       		.uleb128 0x3a
 361 00ad 0B       		.uleb128 0xb
 362 00ae 3B       		.uleb128 0x3b
 363 00af 0B       		.uleb128 0xb
 364 00b0 39       		.uleb128 0x39
 365 00b1 0B       		.uleb128 0xb
 366 00b2 27       		.uleb128 0x27
 367 00b3 19       		.uleb128 0x19
 368 00b4 3C       		.uleb128 0x3c
 369 00b5 19       		.uleb128 0x19
 370 00b6 00       		.byte	0
 371 00b7 00       		.byte	0
 372 00b8 00       		.byte	0
 373              		.section	.gnu.debuglto_.debug_line,"e",%progbits
 374              	.Ldebug_line0:
 375 0000 5A000000 		.4byte	.LELT0-.LSLT0
 376              	.LSLT0:
 377 0004 0500     		.2byte	0x5
 378 0006 04       		.byte	0x4
 379 0007 00       		.byte	0
 380 0008 52000000 		.4byte	.LELTP0-.LASLTP0
 381              	.LASLTP0:
 382 000c 01       		.byte	0x1
 383 000d 01       		.byte	0x1
 384 000e 01       		.byte	0x1
 385 000f F6       		.byte	0xf6
 386 0010 F2       		.byte	0xf2
 387 0011 0D       		.byte	0xd
 388 0012 00       		.byte	0
 389 0013 01       		.byte	0x1
 390 0014 01       		.byte	0x1
 391 0015 01       		.byte	0x1
 392 0016 01       		.byte	0x1
 393 0017 00       		.byte	0
 394 0018 00       		.byte	0
 395 0019 00       		.byte	0
 396 001a 01       		.byte	0x1
 397 001b 00       		.byte	0
 398 001c 00       		.byte	0
 399 001d 01       		.byte	0x1
ARM GAS  C:\Users\arthu\AppData\Local\Temp\ccwFHhPn.s 			page 8


 400 001e 01       		.byte	0x1
 401 001f 01       		.uleb128 0x1
 402 0020 1F       		.uleb128 0x1f
 403 0021 06       		.uleb128 0x6
 404 0022 7B000000 		.4byte	.LASF28
 405 0026 12010000 		.4byte	.LASF29
 406 002a 88010000 		.4byte	.LASF30
 407 002e 55000000 		.4byte	.LASF31
 408 0032 0A000000 		.4byte	.LASF32
 409 0036 B2000000 		.4byte	.LASF33
 410 003a 02       		.byte	0x2
 411 003b 01       		.uleb128 0x1
 412 003c 1F       		.uleb128 0x1f
 413 003d 02       		.uleb128 0x2
 414 003e 0B       		.uleb128 0xb
 415 003f 06       		.uleb128 0x6
 416 0040 55010000 		.4byte	.LASF34
 417 0044 00       		.byte	0
 418 0045 01010000 		.4byte	.LASF35
 419 0049 04       		.byte	0x4
 420 004a 00000000 		.4byte	.LASF36
 421 004e 05       		.byte	0x5
 422 004f 3D010000 		.4byte	.LASF37
 423 0053 02       		.byte	0x2
 424 0054 F9000000 		.4byte	.LASF38
 425 0058 01       		.byte	0x1
 426 0059 4B010000 		.4byte	.LASF39
 427 005d 03       		.byte	0x3
 428              	.LELTP0:
 429              	.LELT0:
 430              		.section	.gnu.debuglto_.debug_str,"eMS",%progbits,1
 431              	.LASF18:
 432 0000 50444461 		.ascii	"PDData\000"
 432      746100
 433              	.LASF0:
 434 0007 756E7369 		.ascii	"unsigned int\000"
 434      676E6564 
 434      20696E74 
 434      00
 435              	.LASF9:
 436 0014 6C6F6E67 		.ascii	"long long unsigned int\000"
 436      206C6F6E 
 436      6720756E 
 436      7369676E 
 436      65642069 
 437              	.LASF19:
 438 002b 50454461 		.ascii	"PEData\000"
 438      746100
 439              	.LASF4:
 440 0032 756E7369 		.ascii	"unsigned char\000"
 440      676E6564 
 440      20636861 
 440      7200
 441              	.LASF14:
 442 0040 73746D33 		.ascii	"stm32_gpio_setup_t\000"
 442      325F6770 
 442      696F5F73 
ARM GAS  C:\Users\arthu\AppData\Local\Temp\ccwFHhPn.s 			page 9


 442      65747570 
 442      5F7400
 443              	.LASF27:
 444 0053 73746D33 		.ascii	"stm32_clock_init\000"
 444      325F636C 
 444      6F636B5F 
 444      696E6974 
 444      00
 445              	.LASF8:
 446 0064 6C6F6E67 		.ascii	"long unsigned int\000"
 446      20756E73 
 446      69676E65 
 446      6420696E 
 446      7400
 447              	.LASF6:
 448 0076 73686F72 		.ascii	"short unsigned int\000"
 448      7420756E 
 448      7369676E 
 448      65642069 
 448      6E7400
 449              	.LASF11:
 450 0089 75696E74 		.ascii	"uint32_t\000"
 450      33325F74 
 450      00
 451              	.LASF20:
 452 0092 50414C43 		.ascii	"PALConfig\000"
 452      6F6E6669 
 452      6700
 453              	.LASF26:
 454 009c 70616C5F 		.ascii	"pal_default_config\000"
 454      64656661 
 454      756C745F 
 454      636F6E66 
 454      696700
 455              	.LASF10:
 456 00af 5F5F7569 		.ascii	"__uint32_t\000"
 456      6E743332 
 456      5F7400
 457              	.LASF16:
 458 00ba 50424461 		.ascii	"PBData\000"
 458      746100
 459              	.LASF12:
 460 00c1 63686172 		.ascii	"char\000"
 460      00
 461              	.LASF21:
 462 00c6 626F6172 		.ascii	"boardInit\000"
 462      64496E69 
 462      7400
 463              	.LASF25:
 464 00d0 443A5C43 		.ascii	"D:\\ChibiOS_21.11.3\\Apps\\Projeto\\RT-STM32F103-MA"
 464      68696269 
 464      4F535F32 
 464      312E3131 
 464      2E335C41 
 465 00ff 504C454D 		.ascii	"PLEMINI\000"
 465      494E4900 
 466              	.LASF22:
ARM GAS  C:\Users\arthu\AppData\Local\Temp\ccwFHhPn.s 			page 10


 467 0107 5F5F6561 		.ascii	"__early_init\000"
 467      726C795F 
 467      696E6974 
 467      00
 468              	.LASF1:
 469 0114 6C6F6E67 		.ascii	"long long int\000"
 469      206C6F6E 
 469      6720696E 
 469      7400
 470              	.LASF24:
 471 0122 2E2E2F2E 		.ascii	"../../../os/hal/boards/STM32F103C8_MINIMAL/board.c\000"
 471      2E2F2E2E 
 471      2F6F732F 
 471      68616C2F 
 471      626F6172 
 472              	.LASF5:
 473 0155 73686F72 		.ascii	"short int\000"
 473      7420696E 
 473      7400
 474              	.LASF17:
 475 015f 50434461 		.ascii	"PCData\000"
 475      746100
 476              	.LASF15:
 477 0166 50414461 		.ascii	"PAData\000"
 477      746100
 478              	.LASF7:
 479 016d 6C6F6E67 		.ascii	"long int\000"
 479      20696E74 
 479      00
 480              	.LASF2:
 481 0176 6C6F6E67 		.ascii	"long double\000"
 481      20646F75 
 481      626C6500 
 482              	.LASF3:
 483 0182 7369676E 		.ascii	"signed char\000"
 483      65642063 
 483      68617200 
 484              	.LASF13:
 485 018e 5F426F6F 		.ascii	"_Bool\000"
 485      6C00
 486              	.LASF23:
 487 0194 474E5520 		.ascii	"GNU C17 13.3.1 20240614 -mcpu=cortex-m3 -mthumb -mf"
 487      43313720 
 487      31332E33 
 487      2E312032 
 487      30323430 
 488 01c7 6C6F6174 		.ascii	"loat-abi=soft -march=armv7-m -ggdb -O2 -fomit-frame"
 488      2D616269 
 488      3D736F66 
 488      74202D6D 
 488      61726368 
 489 01fa 2D706F69 		.ascii	"-pointer -falign-functions=16 -ffunction-sections -"
 489      6E746572 
 489      202D6661 
 489      6C69676E 
 489      2D66756E 
 490 022d 66646174 		.ascii	"fdata-sections -fno-common -flto\000"
ARM GAS  C:\Users\arthu\AppData\Local\Temp\ccwFHhPn.s 			page 11


 490      612D7365 
 490      6374696F 
 490      6E73202D 
 490      666E6F2D 
 491              		.section	.gnu.debuglto_.debug_line_str,"eMS",%progbits,1
 492              	.LASF36:
 493 0000 5F737464 		.ascii	"_stdint.h\000"
 493      696E742E 
 493      6800
 494              	.LASF32:
 495 000a 443A2F41 		.ascii	"D:/Arm GNU Toolchain arm-none-eabi/13.3 rel1/arm-no"
 495      726D2047 
 495      4E552054 
 495      6F6F6C63 
 495      6861696E 
 496 003d 6E652D65 		.ascii	"ne-eabi/include/machine\000"
 496      6162692F 
 496      696E636C 
 496      7564652F 
 496      6D616368 
 497              	.LASF31:
 498 0055 2E2E2F2E 		.ascii	"../../../os/hal/ports/STM32/STM32F1xx\000"
 498      2E2F2E2E 
 498      2F6F732F 
 498      68616C2F 
 498      706F7274 
 499              	.LASF28:
 500 007b 443A5C43 		.ascii	"D:\\ChibiOS_21.11.3\\Apps\\Projeto\\RT-STM32F103-MA"
 500      68696269 
 500      4F535F32 
 500      312E3131 
 500      2E335C41 
 501 00aa 504C454D 		.ascii	"PLEMINI\000"
 501      494E4900 
 502              	.LASF33:
 503 00b2 443A2F41 		.ascii	"D:/Arm GNU Toolchain arm-none-eabi/13.3 rel1/arm-no"
 503      726D2047 
 503      4E552054 
 503      6F6F6C63 
 503      6861696E 
 504 00e5 6E652D65 		.ascii	"ne-eabi/include/sys\000"
 504      6162692F 
 504      696E636C 
 504      7564652F 
 504      73797300 
 505              	.LASF38:
 506 00f9 626F6172 		.ascii	"board.c\000"
 506      642E6300 
 507              	.LASF35:
 508 0101 5F646566 		.ascii	"_default_types.h\000"
 508      61756C74 
 508      5F747970 
 508      65732E68 
 508      00
 509              	.LASF29:
 510 0112 2E2E2F2E 		.ascii	"../../../os/hal/boards/STM32F103C8_MINIMAL\000"
 510      2E2F2E2E 
ARM GAS  C:\Users\arthu\AppData\Local\Temp\ccwFHhPn.s 			page 12


 510      2F6F732F 
 510      68616C2F 
 510      626F6172 
 511              	.LASF37:
 512 013d 68616C5F 		.ascii	"hal_pal_lld.h\000"
 512      70616C5F 
 512      6C6C642E 
 512      6800
 513              	.LASF39:
 514 014b 68616C5F 		.ascii	"hal_lld.h\000"
 514      6C6C642E 
 514      6800
 515              	.LASF34:
 516 0155 2E2E2F2E 		.ascii	"../../../os/hal/boards/STM32F103C8_MINIMAL/board.c\000"
 516      2E2F2E2E 
 516      2F6F732F 
 516      68616C2F 
 516      626F6172 
 517              	.LASF30:
 518 0188 2E2E2F2E 		.ascii	"../../../os/hal/ports/STM32/LLD/GPIOv1\000"
 518      2E2F2E2E 
 518      2F6F732F 
 518      68616C2F 
 518      706F7274 
 519              		.text
 520              		.section	.gnu.lto_.profile.d969b4a4,"e",%progbits
 521 0000 789C6362 		.ascii	"x\234cb\000\001\000\000\022\000\003"
 521      00010000 
 521      120003
 522              		.text
 523              		.section	.gnu.lto_.icf.d969b4a4,"e",%progbits
 524 0000 789C1363 		.ascii	"x\234\023c@\000f\206\306\273o?\36230~>sn77\003\323\227"
 524      40006686 
 524      C6BB6F3F 
 524      F233307E 
 524      3E736E37 
 525 0018 CF3D3F18 		.ascii	"\317=?\030\031\000u\205\012'"
 525      19007585 
 525      0A27
 526              		.text
 527              		.section	.gnu.lto_.ipa_sra.d969b4a4,"e",%progbits
 528 0000 789CE362 		.ascii	"x\234\343b@\000&\006\006F\006F b\000\000\001\030\000"
 528      40002606 
 528      06460646 
 528      20620000 
 528      011800
 529 0013 11       		.ascii	"\021"
 530              		.text
 531              		.section	.gnu.lto_.inline.d969b4a4,"e",%progbits
 532 0000 789C0B60 		.ascii	"x\234\013`@\000&\006\006\226\006 `Nc\004s\032\201\354"
 532      40002606 
 532      06960620 
 532      604E6304 
 532      731A81EC 
 533 0014 3A060636 		.ascii	":\006\0066\220\030S\012\023H\210\201\201\221\013L20"
 533      9018530A 
 533      13488881 
ARM GAS  C:\Users\arthu\AppData\Local\Temp\ccwFHhPn.s 			page 13


 533      81910B4C 
 533      3230
 534 0026 4344F1A8 		.ascii	"CD\361\250d\000\000\216m\017\031"
 534      6400008E 
 534      6D0F19
 535              		.text
 536              		.section	.gnu.lto_.jmpfuncs.d969b4a4,"e",%progbits
 537 0000 789CE364 		.ascii	"x\234\343d@\000&\020\301\010\304\000\000\350\000\015"
 537      40002610 
 537      C108C400 
 537      00E8000D 
 538              		.text
 539              		.section	.gnu.lto_.pureconst.d969b4a4,"e",%progbits
 540 0000 789C6367 		.ascii	"x\234cg```b\230\301\302\330\300\002\000\004u\001+"
 540      60606062 
 540      98C1C2D8 
 540      C0020004 
 540      75012B
 541              		.text
 542              		.section	.gnu.lto_.ipa_modref.d969b4a4,"e",%progbits
 543 0000 789CE361 		.ascii	"x\234\343a@\000F$6\000\001D\000\016"
 543      40004624 
 543      36000144 
 543      000E
 544              		.text
 545              		.section	.gnu.lto_.lto.d969b4a4,"e",%progbits
 546 0000 0D000100 		.ascii	"\015\000\001\000\001\000\000\000"
 546      01000000 
 547              		.text
 548              		.section	.gnu.lto_pal_default_config.308.d969b4a4,"e",%progbits
 549 0000 789C9BC4 		.ascii	"x\234\233\304\300\300\300\310\000\001\254\214l\032\214"
 549      C0C0C0C8 
 549      0001AC8C 
 549      6C1A8C
 550 000f 1D13171D 		.ascii	"\035\023\027\035\341\000\263\376\003\001?+\243}SG\203"
 550      E100B3FE 
 550      03013F2B 
 550      A37D5347 
 550      83
 551 0020 447DED2E 		.ascii	"D}\355.\306\352\235\214\225;\031\301RG&\200\025!\244"
 551      C6EA9D8C 
 551      953B19C1 
 551      52472680 
 551      1521A4
 552 0033 F6C0A53A 		.ascii	"\366\300\245:&>:\310\201\246k\037#\026c\320\004@\\\215"
 552      263E3AC8 
 552      81A66B1F 
 552      231663D0 
 552      04405C8D 
 553 0047 F2D2838C 		.ascii	"\362\322\203\214\305\007\030\013\3673\346\357e\314\335"
 553      C507180B 
 553      F733E6EF 
 553      65CCDD
 554 0056 CDC80000 		.ascii	"\315\310\000\000\314\2754\000"
 554      CCBD3400 
 555              		.text
 556              		.section	.gnu.lto___early_init.309.d969b4a4,"e",%progbits
ARM GAS  C:\Users\arthu\AppData\Local\Temp\ccwFHhPn.s 			page 14


 557 0000 789CAB61 		.ascii	"x\234\253a``\310\005be fdf`\2344\261\213\211\241\241"
 557      6060C805 
 557      62652066 
 557      6466609C 
 557      34B18B89 
 558 0016 A1C1819D 		.ascii	"\241\301\201\235\211\261qb\227 \343NF0\217\221\241\236"
 558      89B17162 
 558      9720E34E 
 558      46308F91 
 558      A19E
 559 0028 89B19E71 		.ascii	"\211\261\236q\015\263>\220\373\243{\357\006\326\206"
 559      0DB33E90 
 559      FBA37BEF 
 559      06D686
 560 0037 150718DF 		.ascii	"\025\007\030\33700\3243@\0017\204\315\010\304\353/\261"
 560      3030D433 
 560      40013784 
 560      CD08C4EB 
 560      2FB1
 561 0049 3E68F8F1 		.ascii	">h\370\361\177~C\303\252>\306\333\242\314\014\014+\231"
 561      7F7E43C3 
 561      AA3EC6DB 
 561      A2CC0C0C 
 561      2B99
 562 005b 418636B0 		.ascii	"A\2066\26002\254bf\202\260\032\0170\374gjx\364R\212"
 562      3032AC62 
 562      6682B01A 
 562      0F30FC67 
 562      6A78F452 
 563 0070 A195B959 		.ascii	"\241\225\271Y\201\241\213\221\251\266\232\201\201\211"
 563      81A18B91 
 563      A9B69A81 
 563      8189
 564 007e 99A19DB9 		.ascii	"\231\241\235\271\351\301[.\260\231+\231\031!\212\033"
 564      E9C15B2E 
 564      B0992B99 
 564      19218A1B 
 565 008e 0E0079E6 		.ascii	"\016\000y\346.V1\316\031\231I\231\376\301\361F\206z"
 565      2E5631CE 
 565      19994999 
 565      FEC1F146 
 565      867A
 566 00a0 86867AC6 		.ascii	"\206\206z\3061\216\005\005\3051\001E\371Y\251%\3711"
 566      318E0505 
 566      C5310145 
 566      F959A925 
 566      F931
 567 00b2 4121BAC1 		.ascii	"A!\272\301!\276\306Fn\206\006\306\272\276\216\001>\256"
 567      21BEC646 
 567      6E8606C6 
 567      BABE8E01 
 567      3EAE
 568 00c4 BE9E7E9E 		.ascii	"\276\236~\236\014\306zz\372\020\224_\254\237\221\230"
 568      0CC67A7A 
 568      FA10945F 
 568      AC9F9198 
 569 00d4 A39F949F 		.ascii	"\243\237\224\237X\224R\254\017W\353l\021\017R\350\353"
ARM GAS  C:\Users\arthu\AppData\Local\Temp\ccwFHhPn.s 			page 15


 569      589452AC 
 569      0F57EB6C 
 569      110F52E8 
 569      EB
 570 00e5 E80391D2 		.ascii	"\350\003\221\322Kf\000\000\374\012N\233"
 570      4B660000 
 570      FC0A4E9B 
 571              		.text
 572              		.section	.gnu.lto_boardInit.310.d969b4a4,"e",%progbits
 573 0000 789CCB64 		.ascii	"x\234\313d``\310\005be fdf`\2344\261\213\211\241\241"
 573      6060C805 
 573      62652066 
 573      6466609C 
 573      34B18B89 
 574 0016 A1C1819D 		.ascii	"\241\301\201\235\211\261qb\227 \343NF0\217\221\241\236"
 574      89B17162 
 574      9720E34E 
 574      46308F91 
 574      A19E
 575 0028 89B19E71 		.ascii	"\211\261\236q\015\263>\220\373\243{\357\005\326\206"
 575      0DB33E90 
 575      FBA37BEF 
 575      05D686
 576 0037 150718DF 		.ascii	"\025\007\030\33700\3243@\0017\204\315\010\304\353/\261"
 576      3030D433 
 576      40013784 
 576      CD08C4EB 
 576      2FB1
 577 0049 3E68F8F1 		.ascii	">h\370\361\177~C\303\251n\306\323bL\014\014+\231A\206"
 577      7F7E43C3 
 577      A96EC6D3 
 577      624C0C0C 
 577      2B994186 
 578 005d 36B03032 		.ascii	"6\26002\254bf\202\260\032\0170\374gjPbhgnR\000\033\260"
 578      AC626682 
 578      B01A0F30 
 578      FC676A50 
 578      6268676E 
 579 0075 92991122 		.ascii	"\222\231\021\"\323p\000\3103w\261\212q\316\310L\312"
 579      D37000C8 
 579      3377B18A 
 579      71CEC84C 
 579      CA
 580 0086 F40F8E37 		.ascii	"\364\017\21672\32434\3243\216q,((\216\011(\312\317J"
 580      32D43334 
 580      D4338E71 
 580      2C28288E 
 580      0928CACF 
 581 009b 2DC98F09 		.ascii	"-\311\217\011\012\321\015\016\36156r340\326\365u\014"
 581      0AD10D0E 
 581      F1353672 
 581      333430D6 
 581      F5750C
 582 00ae F071F5F5 		.ascii	"\360q\365\365\364\363d0\326\323\323\207\240\374b\375"
 582      F4F36430 
 582      D6D3D387 
 582      A0FC62FD 
ARM GAS  C:\Users\arthu\AppData\Local\Temp\ccwFHhPn.s 			page 16


 583 00be 8CC41CFD 		.ascii	"\214\304\034\375\244\374\304\242\224b}\270Zg\213x\220"
 583      A4FCC4A2 
 583      94627DB8 
 583      5A678B78 
 583      90
 584 00cf 425F471F 		.ascii	"B_G\037\210\224^2\003\000\362\010H\206"
 584      88945E32 
 584      0300F208 
 584      4886
 585              		.text
 586              		.section	.gnu.lto_.symbol_nodes.d969b4a4,"e",%progbits
 587 0000 789C4B61 		.ascii	"x\234Ka\000\002\246\255L\365\014\015@\300\3028\341\034"
 587      0002A6AD 
 587      4CF50C0D 
 587      40C0C238 
 587      E11C
 588 0012 03433D03 		.ascii	"\003C=\003\303\256\011ML \211mL\365\214\330$X\26701"
 588      C3AE094D 
 588      4C20896D 
 588      4CF58CD8 
 588      2458B730 
 589 0027 1D6C6104 		.ascii	"\035la\004\262\030\2673\3253\377\207\002y\2602\006\206"
 589      B218B733 
 589      D533FF87 
 589      0279B032 
 589      0686
 590 0039 86090D20 		.ascii	"\206\011\015 U\314\014\314\020\315.\014\000\014\034"
 590      55CC0CCC 
 590      10CD2E0C 
 590      000C1C
 591 0048 1ECD     		.ascii	"\036\315"
 592              		.text
 593              		.section	.gnu.lto_.refs.d969b4a4,"e",%progbits
 594 0000 789C6364 		.ascii	"x\234cd\000\002\000\000\012\000\002"
 594      00020000 
 594      0A0002
 595              		.text
 596              		.section	.gnu.lto_.decls.d969b4a4,"e",%progbits
 597 0000 789C9553 		.ascii	"x\234\225SoL[U\024\277\347\265i\036\010\362\307-i\214"
 597      6F4C5B55 
 597      14BFE7B5 
 597      691E08F2 
 597      C72D698C 
 598 0014 1FFACD06 		.ascii	"\037\372\315\006\245\2454\2101~\020a.$\2605n~#\351\272"
 598      A5A53488 
 598      317E1061 
 598      2E24B035 
 598      6E7E23E9 
 599 0029 C246B5D0 		.ascii	"\302F\265\320\246\224\005\277\235WJW\264\013\255\211"
 599      A69405BF 
 599      9D574A57 
 599      B40BAD89 
 600 0039 AC56B274 		.ascii	"\254V\262t\335\214\037\214I\223a`\033\270\227\246\256"
 600      DD8C1F8C 
 600      49936160 
 600      1BB897A6 
 600      AE
ARM GAS  C:\Users\arthu\AppData\Local\Temp\ccwFHhPn.s 			page 17


 601 004a 3899B27F 		.ascii	"8\231\262\177\2141Q`\014\010#\006\005\015&\304y\356"
 601      8C315160 
 601      0C082306 
 601      050D26C4 
 601      79EE
 602 005c 6B574513 		.ascii	"kWE\023\023_\336\357\335\373\316\357w\316\371\335\373"
 602      135FDEEF 
 602      DDFBCEEF 
 602      77CEF9DD 
 602      FB
 603 006d EE0BAA19 		.ascii	"\356\013\252\031\273\006\214\271\031c\217\351\242Wv"
 603      BB068CB9 
 603      19638FE9 
 603      A25776
 604 007c 97C04799 		.ascii	"\227\300G\231\220\"\254\022\326\0107HWH\343,\341\016"
 604      9022AC12 
 604      D6083748 
 604      5748E32C 
 604      E10E
 605 008e 613AA75D 		.ascii	"a:\247]!,\022\346\011\013\204\207\204%\202\004\177\325"
 605      212C12E6 
 605      090B8487 
 605      84258204 
 605      7FD5
 606 00a0 7994AB71 		.ascii	"y\224\253q\205\320Gq\310\325V\013\037\016\\\037\177"
 606      85D04771 
 606      C8D5560B 
 606      1F0E5C1F 
 606      7F
 607 00b1 7A131031 		.ascii	"z\023\0201\210\262\224\0261\341?\205\001LK\020\305Q"
 607      88B29416 
 607      31E13F85 
 607      014C4B10 
 607      C551
 608 00c3 8C0F874E 		.ascii	"\214\017\207N\251b\211tP\"\2016\321;\212\261\344\221"
 608      A9628974 
 608      50228136 
 608      D13B8AB1 
 608      E491
 609 00d5 580C43A9 		.ascii	"X\014C\251\263A\214\003\370(,K\232\030\015\244\010i"
 609      B3418C03 
 609      F8282C4B 
 609      9A180DA4 
 609      0869
 610 00e7 71886618 		.ascii	"q\210f\030\010\305\201'\360\253\030\207\021{\011\272"
 610      08C58127 
 610      F0AB1887 
 610      117B09BA 
 611 00f7 983F294B 		.ascii	"\230?)K\350\307)\210\237\013\020s\204\020\226\226\245"
 611      E8C72988 
 611      9F0B1073 
 611      84109696 
 611      A5
 612 0108 93C51BD2 		.ascii	"\223\305\033\322*\236\366\255\206u\275\310\033\005\020"
 612      2A9EF6AD 
 612      8675BDC8 
 612      1B0510
ARM GAS  C:\Users\arthu\AppData\Local\Temp\ccwFHhPn.s 			page 18


 613 0117 A27152C8 		.ascii	"\242qR\310\001\324F\375A)\344K\243;6\024\014\236\365"
 613      01D446FD 
 613      4129E44B 
 613      A33B3614 
 613      0C9EF5
 614 012a F983A518 		.ascii	"\371\203\245\030Oc$!\007!\354K\277\037\3615\204\317"
 614      4F632421 
 614      0721EC4B 
 614      BF1FF135 
 614      84CF
 615 013c CB184619 		.ascii	"\313\030F\031K#\276t\220\243,L~#q\354\207\210/\310\375"
 615      4B23BE74 
 615      90A32C4C 
 615      7E2371EC 
 615      87882FC8 
 616 0151 8911F44B 		.ascii	"\211\021\364K\024\300\262\015\3567!\213\022W$\020!\234"
 616      14C0B20D 
 616      EE37218B 
 616      12572410 
 616      219C
 617 0163 500254D5 		.ascii	"P\002T\325'c\004'\202\020I\321\204\3502\352A\345\375"
 617      27630427 
 617      821049D1 
 617      84E832EA 
 617      41E5FD
 618 0176 7C42621D 		.ascii	"|Bb\035b\032\245\367\020K\031\277\262k\023s\243N-l~"
 618      621AA5F7 
 618      104B19BF 
 618      B26B1373 
 618      A34E2D6C 
 619 018b 3AE913B7 		.ascii	":\351\023\267\3706F\267\371\346\322\016\357\015\277"
 619      F83646B7 
 619      F9E6D20E 
 619      EF0DBF
 620 019a C600F794 		.ascii	"\306\000\367\224\212\3172\361yV\223\225\246:\331\230"
 620      8ACF32F1 
 620      79569395 
 620      A63AD998 
 621 01aa C2337B91 		.ascii	"\3023{\221\346\031\0204{\241T-\314\014N_\200\347\210"
 621      E6191034 
 621      7BA1542D 
 621      CC0C4E5F 
 621      80E788
 622 01bd DE42D4AF 		.ascii	"\336B\324\257\263+\360%id`\233\312'\232\333\221>V\351"
 622      B32BF025 
 622      6964609B 
 622      CA279ADB 
 622      913E56E9 
 623 01d1 A351DC1E 		.ascii	"\243Q\334\036\031\230\353{10\206\330\207\334\211\014"
 623      1998EB7B 
 623      313086D8 
 623      87DC890C 
 624 01e1 97615CA9 		.ascii	"\227a\\\251v\031\330%\270\010\366\213\202\270\000\224"
 624      7619D825 
 624      B808F68B 
 624      82B80094 
 625 01f1 B2397C75 		.ascii	"\2629|uK\243\037\212br\352w\304B\256\226!\225\023\247"
ARM GAS  C:\Users\arthu\AppData\Local\Temp\ccwFHhPn.s 			page 19


 625      4BA31F8A 
 625      6272EA77 
 625      C442AE96 
 625      219513A7 
 626 0205 72E20B82 		.ascii	"r\342\013\202\370\010\030\271x\225\\\314\253hRE(\342"
 626      F80818B9 
 626      78955CCC 
 626      AB685245 
 626      28E2
 627 0217 2F8C1E3A 		.ascii	"/\214\036:z\321\211\177(\012\221\240\026\373\004\246"
 627      7AD1897F 
 627      280A91A0 
 627      16FB04A6 
 628 0227 D1033FA7 		.ascii	"\321\003?\247%42\261_\240V\353\267'w\236*\221\021\267"
 628      253432B1 
 628      5FA056EB 
 628      B727779E 
 628      2A9111B7 
 629 023b 11FBCBE9 		.ascii	"\021\373\313\3514\177\013\354&\350\307\341\006L\201"
 629      347F0BEC 
 629      26E8C7E1 
 629      064C81
 630 024a F881C0C4 		.ascii	"\370\201\300\304A\222\211\241\215akEE\205\226\013W?"
 630      419289A1 
 630      8D616B45 
 630      4585960B 
 630      573F
 631 025c 19CEEC39 		.ascii	"\031\316\3549\203\262?\244\276\005\267\341\036(I\314"
 631      83B23FA4 
 631      BE05B7E1 
 631      1E2849CC 
 632 026c C4989911 		.ascii	"\304\230\231\021\237\034=9\200:\205\374\356\357$\375"
 632      9F1C3D39 
 632      803A85FC 
 632      EEEF24FD 
 633 027c 289C1DCB 		.ascii	"(\234\035\313\263w\362\354u\340\271\264L?\241\200}\015"
 633      B377F2EC 
 633      75E0B9B4 
 633      4C3FA180 
 633      7D0D
 634 028e 1314B847 		.ascii	"\023\024\270G\353\235\206\2730\303W-Nq\263\231\235\317"
 634      EB9D86BB 
 634      30C3572D 
 634      4E71B399 
 634      9DCF
 635 02a0 474BB4BB 		.ascii	"GK\264\273u\263\260KH+\325\212\017\310\366\032\341g"
 635      75B3B04B 
 635      482BD58A 
 635      0FC8F61A 
 635      E167
 636 02b2 C2362516 		.ascii	"\3026%\026\315\214|\264\\\314\375WTP\346\306vf\010\342"
 636      CD8C7CB4 
 636      5CCCFD57 
 636      5450E6C6 
 636      766608E2 
 637 02c6 BE80701F 		.ascii	"\276\200p\037~\200%\310\266\343\036\310\"\321\311\235"
 637      7E8025C8 
ARM GAS  C:\Users\arthu\AppData\Local\Temp\ccwFHhPn.s 			page 20


 637      B6E31EC8 
 637      22D1C99D 
 638 02d6 0C2A16EF 		.ascii	"\014*\026\357\303\\\236\376\376\211\305\344V\236\375"
 638      C35C9EFE 
 638      FE89C5E4 
 638      569EFD
 639 02e5 31CF9A76 		.ascii	"1\317\232v\371\277\012_Ql\211l=\200\005X\204ex\010\331"
 639      F9BF0A5F 
 639      516C896C 
 639      3D800558 
 639      84657808 
 640 02fa 53971CBC 		.ascii	"S\227\034\274\366$y>\237\234\311\227\016\347\331\311"
 640      F624793E 
 640      9F9CC997 
 640      0EE7D9C9 
 641 030a 3CFB4DD6 		.ascii	"<\373M\326\227\370\230o\300\310\304\351\225be\003\344"
 641      97F8986F 
 641      C0C8C4E9 
 641      95626503 
 641      E4
 642 031b 7CA315F8 		.ascii	"|\243\025\370W'\265\360\353\322\354O\302\013Ca\334\336"
 642      5727B5F0 
 642      EBD2EC4F 
 642      C20B4361 
 642      DCDE
 643 032d 1AFCE53C 		.ascii	"\032\374\345<\375\316\262z\025\322\244\313zK\003\214"
 643      FDCEB27A 
 643      15D2A4CB 
 643      7A4B038C 
 644 033d 80FD9C20 		.ascii	"\200\375\234 \366\253H|s\261\357\267B}\224\177\332/"
 644      F6AB487C 
 644      73B1EFB7 
 644      427D947F 
 644      DA2F
 645 034f C2034567 		.ascii	"\302\003Eg0%\310\260\226;nk\374i\377LP\013\213\2672"
 645      3025C8B0 
 645      963B6E6B 
 645      FC69FF4C 
 645      500B8BB7 
 646 0364 31759972 		.ascii	"1u\231rTd\177\201\234\373v\353\234W\231^b\242\315\323"
 646      54647F81 
 646      9CFB76EB 
 646      9C57995E 
 646      62A2CDD3 
 647 0378 71A2B6B2 		.ascii	"q\242\266\262\203\025\332]\036o[Oe\207\231\025Y\255"
 647      8315DA5D 
 647      1E6F5B4F 
 647      65879915 
 647      59AD
 648 038a 6D368FF3 		.ascii	"m6\217\363]\253\243\323\341\2556\030\214\331\333\325"
 648      5DABA3D3 
 648      E1AD3618 
 648      8CD9DBD5 
 649 039a 656CB739 		.ascii	"el\2679\215G]6Ok\227\361\320\341fs\365\033\246*s\375"
 649      8D475D36 
 649      4F6B97F1 
 649      D0E16673 
ARM GAS  C:\Users\arthu\AppData\Local\Temp\ccwFHhPn.s 			page 21


 649      F51BA62A 
 650 03b0 CBD6E6C6 		.ascii	"\313\326\346\306\003\215\315uMY\312`\027\367\037xKW"
 650      038DCD75 
 650      4D59CA60 
 650      17F71F78 
 650      4B57
 651 03c2 6FAA6565 		.ascii	"o\252ee\271\200\301^e\2531U\333\253Ym\303+-\365\355"
 651      B980C15E 
 651      65AB3155 
 651      DBAB596D 
 651      C32B2DF5 
 652 03d7 8EA38E83 		.ascii	"\216\243\216\203\207\254\325&\203\311d0\267\324\271"
 652      87ACD526 
 652      83C96430 
 652      B7D4B9
 653 03e6 DD5D2D16 		.ascii	"\335]-\026\217\353\3556\257\253\345\315\303\225\371"
 653      8FEBED36 
 653      AFABE5CD 
 653      C395F9
 654 03f5 CA95CD75 		.ascii	"\312\225\315u\226\246}\27483\377\177\027\254@\2314\322"
 654      96A67DBC 
 654      3833FF7F 
 654      17AC4099 
 654      34D2
 655 0407 1ACADD36 		.ascii	"\032\312\3356\247\265\265\355\230\255\333\351\265\332"
 655      A7B5B5ED 
 655      98ADDBE9 
 655      B5DA
 656 0415 5D9DC71C 		.ascii	"]\235\307\034\3075\226\206\006\233\327\246\262{\234"
 656      C7359686 
 656      069BD7A6 
 656      B27B9C
 657 0424 62B7A3D3 		.ascii	"b\267\243\323k\256\266zU\256V\017\005\332k\376\331\314"
 657      6BAEB67A 
 657      55AE560F 
 657      05DA6BFE 
 657      D9CC
 658 0436 4D5B93EB 		.ascii	"M[\223\353eljj0\356\2674\036<a\342\224\225Wv:[\015\355"
 658      656C6A6A 
 658      30EEB734 
 658      1E3C61E2 
 658      94955776 
 659 044e ACBCCBDB 		.ascii	"\254\274\313\333AU\216\273\035.kW\233\267\333m\365j"
 659      41558EBB 
 659      1D2E6B57 
 659      9BB7DB6D 
 659      F56A
 660 0460 2CF5BC89 		.ascii	",\365\274\211\306\362zv\250\313\016\373\370P`\251k\252"
 660      C6F27A76 
 660      A8CB0EFB 
 660      F85060A9 
 660      6BAA
 661 0472 57AC9466 		.ascii	"W\254\224f\023\355N\227\375\035e\313\253\376\253\177"
 661      13ED4E97 
 661      FD1D65CB 
 661      ABFEAB7F 
 662 0482 6EC53D3D 		.ascii	"n\305==J\373l\353?\001@\311ea"
ARM GAS  C:\Users\arthu\AppData\Local\Temp\ccwFHhPn.s 			page 22


 662      4AFB6CEB 
 662      3F0140C9 
 662      6561
 663              		.text
 664              		.section	.gnu.lto_.symtab.d969b4a4,"e",%progbits
 665 0000 5F5F6561 		.ascii	"__early_init\000"
 665      726C795F 
 665      696E6974 
 665      00
 666 000d 00       		.ascii	"\000"
 667 000e 00       		.ascii	"\000"
 668 000f 00       		.ascii	"\000"
 669 0010 00000000 		.ascii	"\000\000\000\000\000\000\000\000"
 669      00000000 
 670 0018 C0000000 		.ascii	"\300\000\000\000"
 671 001c 626F6172 		.ascii	"boardInit\000"
 671      64496E69 
 671      7400
 672 0026 00       		.ascii	"\000"
 673 0027 00       		.ascii	"\000"
 674 0028 00       		.ascii	"\000"
 675 0029 00000000 		.ascii	"\000\000\000\000\000\000\000\000"
 675      00000000 
 676 0031 C2000000 		.ascii	"\302\000\000\000"
 677 0035 70616C5F 		.ascii	"pal_default_config\000"
 677      64656661 
 677      756C745F 
 677      636F6E66 
 677      696700
 678 0048 00       		.ascii	"\000"
 679 0049 00       		.ascii	"\000"
 680 004a 00       		.ascii	"\000"
 681 004b 00000000 		.ascii	"\000\000\000\000\000\000\000\000"
 681      00000000 
 682 0053 E8000000 		.ascii	"\350\000\000\000"
 683 0057 73746D33 		.ascii	"stm32_clock_init\000"
 683      325F636C 
 683      6F636B5F 
 683      696E6974 
 683      00
 684 0068 00       		.ascii	"\000"
 685 0069 02       		.ascii	"\002"
 686 006a 00       		.ascii	"\000"
 687 006b 00000000 		.ascii	"\000\000\000\000\000\000\000\000"
 687      00000000 
 688 0073 EA000000 		.ascii	"\352\000\000\000"
 689              		.text
 690              		.section	.gnu.lto_.ext_symtab.d969b4a4,"e",%progbits
 691 0000 01       		.ascii	"\001"
 692 0001 01       		.ascii	"\001"
 693 0002 00       		.ascii	"\000"
 694 0003 01       		.ascii	"\001"
 695 0004 00       		.ascii	"\000"
 696 0005 02       		.ascii	"\002"
 697 0006 00       		.ascii	"\000"
 698 0007 01       		.ascii	"\001"
 699 0008 00       		.ascii	"\000"
ARM GAS  C:\Users\arthu\AppData\Local\Temp\ccwFHhPn.s 			page 23


 700              		.text
 701              		.section	.gnu.lto_.opts,"e",%progbits
 702 0000 272D666E 		.ascii	"'-fno-openmp' '-fno-openacc' '-fno-pie' '-fcf-prote"
 702      6F2D6F70 
 702      656E6D70 
 702      2720272D 
 702      666E6F2D 
 703 0033 6374696F 		.ascii	"ction=none' '-g' '-mcpu=cortex-m3' '-mthumb' '-mflo"
 703      6E3D6E6F 
 703      6E652720 
 703      272D6727 
 703      20272D6D 
 704 0066 61742D61 		.ascii	"at-abi=soft' '-mlibarch=armv7-m' '-march=armv7-m' '"
 704      62693D73 
 704      6F667427 
 704      20272D6D 
 704      6C696261 
 705 0099 2D4F3227 		.ascii	"-O2' '-fomit-frame-pointer' '-falign-functions=16' "
 705      20272D66 
 705      6F6D6974 
 705      2D667261 
 705      6D652D70 
 706 00cc 272D6666 		.ascii	"'-ffunction-sections' '-fdata-sections' '-fno-commo"
 706      756E6374 
 706      696F6E2D 
 706      73656374 
 706      696F6E73 
 707 00ff 6E272027 		.ascii	"n' '-flto' '-Xassembler' '-alms=./build/lst/board.l"
 707      2D666C74 
 707      6F272027 
 707      2D586173 
 707      73656D62 
 708 0132 73742700 		.ascii	"st'\000"
 709              		.text
 710              		.comm	__gnu_lto_slim,1,1
 711              		.ident	"GCC: (Arm GNU Toolchain 13.3.Rel1 (Build arm-13.24)) 13.3.1 20240614"
ARM GAS  C:\Users\arthu\AppData\Local\Temp\ccwFHhPn.s 			page 24


DEFINED SYMBOLS
                            *ABS*:00000000 board.c
C:\Users\arthu\AppData\Local\Temp\ccwFHhPn.s:23     .gnu.debuglto_.debug_info:00000000 board.c.c0a512c2
                            *COM*:00000001 __gnu_lto_slim

NO UNDEFINED SYMBOLS
