ARM GAS  C:\Users\arthu\AppData\Local\Temp\ccgWCcQg.s 			page 1


   1              		.cpu cortex-m3
   2              		.arch armv7-m
   3              		.fpu softvfp
   4              		.eabi_attribute 20, 1
   5              		.eabi_attribute 21, 1
   6              		.eabi_attribute 23, 3
   7              		.eabi_attribute 24, 1
   8              		.eabi_attribute 25, 1
   9              		.eabi_attribute 26, 1
  10              		.eabi_attribute 30, 2
  11              		.eabi_attribute 34, 1
  12              		.eabi_attribute 18, 4
  13              		.file	"chtrace.c"
  14              		.section	.gnu.debuglto_.debug_info,"e",%progbits
  15              	.Ldebug_info0:
  16              		.hidden	chtrace.c.9d00b19f
  17              		.weak	chtrace.c.9d00b19f
  18              	chtrace.c.9d00b19f:
  19 0000 76000000 		.4byte	0x76
  20 0004 0500     		.2byte	0x5
  21 0006 01       		.byte	0x1
  22 0007 04       		.byte	0x4
  23 0008 00000000 		.4byte	.Ldebug_abbrev0
  24 000c 02       		.uleb128 0x2
  25 000d 52000000 		.4byte	.LASF12
  26 0011 1D       		.byte	0x1d
  27 0012 8C010000 		.4byte	.LASF13
  28 0016 1B000000 		.4byte	.LASF14
  29 001a 00000000 		.4byte	.Ldebug_line0
  30 001e 03       		.uleb128 0x3
  31 001f 04       		.byte	0x4
  32 0020 05       		.byte	0x5
  33 0021 696E7400 		.ascii	"int\000"
  34 0025 01       		.uleb128 0x1
  35 0026 04       		.byte	0x4
  36 0027 07       		.byte	0x7
  37 0028 0E000000 		.4byte	.LASF0
  38 002c 01       		.uleb128 0x1
  39 002d 08       		.byte	0x8
  40 002e 05       		.byte	0x5
  41 002f 00000000 		.4byte	.LASF1
  42 0033 01       		.uleb128 0x1
  43 0034 08       		.byte	0x8
  44 0035 04       		.byte	0x4
  45 0036 76010000 		.4byte	.LASF2
  46 003a 01       		.uleb128 0x1
  47 003b 01       		.byte	0x1
  48 003c 06       		.byte	0x6
  49 003d 6A010000 		.4byte	.LASF3
  50 0041 01       		.uleb128 0x1
  51 0042 01       		.byte	0x1
  52 0043 08       		.byte	0x8
  53 0044 35010000 		.4byte	.LASF4
  54 0048 01       		.uleb128 0x1
  55 0049 02       		.byte	0x2
  56 004a 05       		.byte	0x5
  57 004b 82010000 		.4byte	.LASF5
ARM GAS  C:\Users\arthu\AppData\Local\Temp\ccgWCcQg.s 			page 2


  58 004f 01       		.uleb128 0x1
  59 0050 02       		.byte	0x2
  60 0051 07       		.byte	0x7
  61 0052 57010000 		.4byte	.LASF6
  62 0056 01       		.uleb128 0x1
  63 0057 04       		.byte	0x4
  64 0058 05       		.byte	0x5
  65 0059 48010000 		.4byte	.LASF7
  66 005d 01       		.uleb128 0x1
  67 005e 04       		.byte	0x4
  68 005f 07       		.byte	0x7
  69 0060 0C010000 		.4byte	.LASF8
  70 0064 01       		.uleb128 0x1
  71 0065 08       		.byte	0x8
  72 0066 07       		.byte	0x7
  73 0067 1E010000 		.4byte	.LASF9
  74 006b 01       		.uleb128 0x1
  75 006c 01       		.byte	0x1
  76 006d 08       		.byte	0x8
  77 006e 43010000 		.4byte	.LASF10
  78 0072 01       		.uleb128 0x1
  79 0073 01       		.byte	0x1
  80 0074 02       		.byte	0x2
  81 0075 51010000 		.4byte	.LASF11
  82 0079 00       		.byte	0
  83              		.section	.gnu.debuglto_.debug_abbrev,"e",%progbits
  84              	.Ldebug_abbrev0:
  85 0000 01       		.uleb128 0x1
  86 0001 24       		.uleb128 0x24
  87 0002 00       		.byte	0
  88 0003 0B       		.uleb128 0xb
  89 0004 0B       		.uleb128 0xb
  90 0005 3E       		.uleb128 0x3e
  91 0006 0B       		.uleb128 0xb
  92 0007 03       		.uleb128 0x3
  93 0008 0E       		.uleb128 0xe
  94 0009 00       		.byte	0
  95 000a 00       		.byte	0
  96 000b 02       		.uleb128 0x2
  97 000c 11       		.uleb128 0x11
  98 000d 01       		.byte	0x1
  99 000e 25       		.uleb128 0x25
 100 000f 0E       		.uleb128 0xe
 101 0010 13       		.uleb128 0x13
 102 0011 0B       		.uleb128 0xb
 103 0012 03       		.uleb128 0x3
 104 0013 0E       		.uleb128 0xe
 105 0014 1B       		.uleb128 0x1b
 106 0015 0E       		.uleb128 0xe
 107 0016 10       		.uleb128 0x10
 108 0017 17       		.uleb128 0x17
 109 0018 00       		.byte	0
 110 0019 00       		.byte	0
 111 001a 03       		.uleb128 0x3
 112 001b 24       		.uleb128 0x24
 113 001c 00       		.byte	0
 114 001d 0B       		.uleb128 0xb
ARM GAS  C:\Users\arthu\AppData\Local\Temp\ccgWCcQg.s 			page 3


 115 001e 0B       		.uleb128 0xb
 116 001f 3E       		.uleb128 0x3e
 117 0020 0B       		.uleb128 0xb
 118 0021 03       		.uleb128 0x3
 119 0022 08       		.uleb128 0x8
 120 0023 00       		.byte	0
 121 0024 00       		.byte	0
 122 0025 00       		.byte	0
 123              		.section	.gnu.debuglto_.debug_line,"e",%progbits
 124              	.Ldebug_line0:
 125 0000 2D000000 		.4byte	.LELT0-.LSLT0
 126              	.LSLT0:
 127 0004 0500     		.2byte	0x5
 128 0006 04       		.byte	0x4
 129 0007 00       		.byte	0
 130 0008 25000000 		.4byte	.LELTP0-.LASLTP0
 131              	.LASLTP0:
 132 000c 01       		.byte	0x1
 133 000d 01       		.byte	0x1
 134 000e 01       		.byte	0x1
 135 000f F6       		.byte	0xf6
 136 0010 F2       		.byte	0xf2
 137 0011 0D       		.byte	0xd
 138 0012 00       		.byte	0
 139 0013 01       		.byte	0x1
 140 0014 01       		.byte	0x1
 141 0015 01       		.byte	0x1
 142 0016 01       		.byte	0x1
 143 0017 00       		.byte	0
 144 0018 00       		.byte	0
 145 0019 00       		.byte	0
 146 001a 01       		.byte	0x1
 147 001b 00       		.byte	0
 148 001c 00       		.byte	0
 149 001d 01       		.byte	0x1
 150 001e 01       		.byte	0x1
 151 001f 01       		.uleb128 0x1
 152 0020 1F       		.uleb128 0x1f
 153 0021 01       		.uleb128 0x1
 154 0022 00000000 		.4byte	.LASF15
 155 0026 02       		.byte	0x2
 156 0027 01       		.uleb128 0x1
 157 0028 1F       		.uleb128 0x1f
 158 0029 02       		.uleb128 0x2
 159 002a 0B       		.uleb128 0xb
 160 002b 01       		.uleb128 0x1
 161 002c 37000000 		.4byte	.LASF16
 162 0030 00       		.byte	0
 163              	.LELTP0:
 164              	.LELT0:
 165              		.section	.gnu.debuglto_.debug_str,"eMS",%progbits,1
 166              	.LASF1:
 167 0000 6C6F6E67 		.ascii	"long long int\000"
 167      206C6F6E 
 167      6720696E 
 167      7400
 168              	.LASF0:
ARM GAS  C:\Users\arthu\AppData\Local\Temp\ccgWCcQg.s 			page 4


 169 000e 756E7369 		.ascii	"unsigned int\000"
 169      676E6564 
 169      20696E74 
 169      00
 170              	.LASF14:
 171 001b 443A5C43 		.ascii	"D:\\ChibiOS_21.11.3\\Apps\\Projeto\\RT-STM32F103-MA"
 171      68696269 
 171      4F535F32 
 171      312E3131 
 171      2E335C41 
 172 004a 504C454D 		.ascii	"PLEMINI\000"
 172      494E4900 
 173              	.LASF12:
 174 0052 474E5520 		.ascii	"GNU C17 13.3.1 20240614 -mcpu=cortex-m3 -mthumb -mf"
 174      43313720 
 174      31332E33 
 174      2E312032 
 174      30323430 
 175 0085 6C6F6174 		.ascii	"loat-abi=soft -march=armv7-m -ggdb -O2 -fomit-frame"
 175      2D616269 
 175      3D736F66 
 175      74202D6D 
 175      61726368 
 176 00b8 2D706F69 		.ascii	"-pointer -falign-functions=16 -ffunction-sections -"
 176      6E746572 
 176      202D6661 
 176      6C69676E 
 176      2D66756E 
 177 00eb 66646174 		.ascii	"fdata-sections -fno-common -flto\000"
 177      612D7365 
 177      6374696F 
 177      6E73202D 
 177      666E6F2D 
 178              	.LASF8:
 179 010c 6C6F6E67 		.ascii	"long unsigned int\000"
 179      20756E73 
 179      69676E65 
 179      6420696E 
 179      7400
 180              	.LASF9:
 181 011e 6C6F6E67 		.ascii	"long long unsigned int\000"
 181      206C6F6E 
 181      6720756E 
 181      7369676E 
 181      65642069 
 182              	.LASF4:
 183 0135 756E7369 		.ascii	"unsigned char\000"
 183      676E6564 
 183      20636861 
 183      7200
 184              	.LASF10:
 185 0143 63686172 		.ascii	"char\000"
 185      00
 186              	.LASF7:
 187 0148 6C6F6E67 		.ascii	"long int\000"
 187      20696E74 
 187      00
ARM GAS  C:\Users\arthu\AppData\Local\Temp\ccgWCcQg.s 			page 5


 188              	.LASF11:
 189 0151 5F426F6F 		.ascii	"_Bool\000"
 189      6C00
 190              	.LASF6:
 191 0157 73686F72 		.ascii	"short unsigned int\000"
 191      7420756E 
 191      7369676E 
 191      65642069 
 191      6E7400
 192              	.LASF3:
 193 016a 7369676E 		.ascii	"signed char\000"
 193      65642063 
 193      68617200 
 194              	.LASF2:
 195 0176 6C6F6E67 		.ascii	"long double\000"
 195      20646F75 
 195      626C6500 
 196              	.LASF5:
 197 0182 73686F72 		.ascii	"short int\000"
 197      7420696E 
 197      7400
 198              	.LASF13:
 199 018c 2E2E2F2E 		.ascii	"../../../os/rt/src/chtrace.c\000"
 199      2E2F2E2E 
 199      2F6F732F 
 199      72742F73 
 199      72632F63 
 200              		.section	.gnu.debuglto_.debug_line_str,"eMS",%progbits,1
 201              	.LASF15:
 202 0000 443A5C43 		.ascii	"D:\\ChibiOS_21.11.3\\Apps\\Projeto\\RT-STM32F103-MA"
 202      68696269 
 202      4F535F32 
 202      312E3131 
 202      2E335C41 
 203 002f 504C454D 		.ascii	"PLEMINI\000"
 203      494E4900 
 204              	.LASF16:
 205 0037 2E2E2F2E 		.ascii	"../../../os/rt/src/chtrace.c\000"
 205      2E2F2E2E 
 205      2F6F732F 
 205      72742F73 
 205      72632F63 
 206              		.text
 207              		.section	.gnu.lto_.profile.c045d21a,"e",%progbits
 208 0000 789C6362 		.ascii	"x\234cb\000\001\000\000\022\000\003"
 208      00010000 
 208      120003
 209              		.text
 210              		.section	.gnu.lto_.icf.c045d21a,"e",%progbits
 211 0000 789C6362 		.ascii	"x\234cb@\006\000\000*\000\003"
 211      40060000 
 211      2A0003
 212              		.text
 213              		.section	.gnu.lto_.ipa_sra.c045d21a,"e",%progbits
 214 0000 789C6362 		.ascii	"x\234cb@\006\000\000*\000\003"
 214      40060000 
 214      2A0003
ARM GAS  C:\Users\arthu\AppData\Local\Temp\ccgWCcQg.s 			page 6


 215              		.text
 216              		.section	.gnu.lto_.inline.c045d21a,"e",%progbits
 217 0000 789C6362 		.ascii	"x\234cb@\006\000\000*\000\003"
 217      40060000 
 217      2A0003
 218              		.text
 219              		.section	.gnu.lto_.jmpfuncs.c045d21a,"e",%progbits
 220 0000 789C6362 		.ascii	"x\234cb@\006\000\000*\000\003"
 220      40060000 
 220      2A0003
 221              		.text
 222              		.section	.gnu.lto_.pureconst.c045d21a,"e",%progbits
 223 0000 789C6364 		.ascii	"x\234cd\000\002\000\000\012\000\002"
 223      00020000 
 223      0A0002
 224              		.text
 225              		.section	.gnu.lto_.ipa_modref.c045d21a,"e",%progbits
 226 0000 789C6362 		.ascii	"x\234cb@\006\000\000*\000\003"
 226      40060000 
 226      2A0003
 227              		.text
 228              		.section	.gnu.lto_.lto.c045d21a,"e",%progbits
 229 0000 0D000100 		.ascii	"\015\000\001\000\001\000\000\000"
 229      01000000 
 230              		.text
 231              		.section	.gnu.lto_.symbol_nodes.c045d21a,"e",%progbits
 232 0000 789C6362 		.ascii	"x\234cb\000\001\000\000\022\000\003"
 232      00010000 
 232      120003
 233              		.text
 234              		.section	.gnu.lto_.refs.c045d21a,"e",%progbits
 235 0000 789C6364 		.ascii	"x\234cd\000\002\000\000\012\000\002"
 235      00020000 
 235      0A0002
 236              		.text
 237              		.section	.gnu.lto_.decls.c045d21a,"e",%progbits
 238 0000 789C6360 		.ascii	"x\234c````\004b\036 \376\017\004 \366u\006(\000\000"
 238      60606004 
 238      621E20FE 
 238      0F0420F6 
 238      75062800 
 239 0015 469004E2 		.ascii	"F\220\004\342"
 240              		.text
 241              		.section	.gnu.lto_.symtab.c045d21a,"e",%progbits
 242              		.text
 243              		.section	.gnu.lto_.ext_symtab.c045d21a,"e",%progbits
 244 0000 01       		.ascii	"\001"
 245              		.text
 246              		.section	.gnu.lto_.opts,"e",%progbits
 247 0000 272D666E 		.ascii	"'-fno-openmp' '-fno-openacc' '-fno-pie' '-fcf-prote"
 247      6F2D6F70 
 247      656E6D70 
 247      2720272D 
 247      666E6F2D 
 248 0033 6374696F 		.ascii	"ction=none' '-g' '-mcpu=cortex-m3' '-mthumb' '-mflo"
 248      6E3D6E6F 
 248      6E652720 
ARM GAS  C:\Users\arthu\AppData\Local\Temp\ccgWCcQg.s 			page 7


 248      272D6727 
 248      20272D6D 
 249 0066 61742D61 		.ascii	"at-abi=soft' '-mlibarch=armv7-m' '-march=armv7-m' '"
 249      62693D73 
 249      6F667427 
 249      20272D6D 
 249      6C696261 
 250 0099 2D4F3227 		.ascii	"-O2' '-fomit-frame-pointer' '-falign-functions=16' "
 250      20272D66 
 250      6F6D6974 
 250      2D667261 
 250      6D652D70 
 251 00cc 272D6666 		.ascii	"'-ffunction-sections' '-fdata-sections' '-fno-commo"
 251      756E6374 
 251      696F6E2D 
 251      73656374 
 251      696F6E73 
 252 00ff 6E272027 		.ascii	"n' '-flto' '-Xassembler' '-alms=./build/lst/chtrace"
 252      2D666C74 
 252      6F272027 
 252      2D586173 
 252      73656D62 
 253 0132 2E6C7374 		.ascii	".lst'\000"
 253      2700
 254              		.text
 255              		.comm	__gnu_lto_slim,1,1
 256              		.ident	"GCC: (Arm GNU Toolchain 13.3.Rel1 (Build arm-13.24)) 13.3.1 20240614"
ARM GAS  C:\Users\arthu\AppData\Local\Temp\ccgWCcQg.s 			page 8


DEFINED SYMBOLS
                            *ABS*:00000000 chtrace.c
C:\Users\arthu\AppData\Local\Temp\ccgWCcQg.s:18     .gnu.debuglto_.debug_info:00000000 chtrace.c.9d00b19f
                            *COM*:00000001 __gnu_lto_slim

NO UNDEFINED SYMBOLS
