ARM GAS  C:\Users\arthu\AppData\Local\Temp\ccwVTT46.s 			page 1


   1              		.cpu cortex-m3
   2              		.arch armv7-m
   3              		.fpu softvfp
   4              		.eabi_attribute 20, 1
   5              		.eabi_attribute 21, 1
   6              		.eabi_attribute 23, 3
   7              		.eabi_attribute 24, 1
   8              		.eabi_attribute 25, 1
   9              		.eabi_attribute 26, 1
  10              		.eabi_attribute 30, 2
  11              		.eabi_attribute 34, 1
  12              		.eabi_attribute 18, 4
  13              		.file	"hal_st_lld.c"
  14              		.file 1 "D:/Arm GNU Toolchain arm-none-eabi/13.3 rel1/arm-none-eabi/include/machine/_default_types
  15              		.file 2 "D:/Arm GNU Toolchain arm-none-eabi/13.3 rel1/arm-none-eabi/include/sys/_stdint.h"
  16              		.file 3 "../../../os/common/ext/ARM/CMSIS/Core/Include/core_cm3.h"
  17              		.file 4 "../../../os/rt/include/chsys.h"
  18              		.file 5 "../../../os/common/ports/ARMv7-M/chcore.h"
  19              		.file 6 "../../../os/hal/ports/STM32/LLD/SYSTICKv1/hal_st_lld.c"
  20              		.file 7 "../../../os/hal/osal/rt-nil/osal.h"
  21              		.file 8 "../../../os/hal/ports/common/ARMCMx/nvic.h"
  22              		.file 9 "../../../os/common/ext/ARM/CMSIS/Core/Include/cmsis_gcc.h"
  23              		.section	.gnu.debuglto_.debug_info,"e",%progbits
  24              	.Ldebug_info0:
  25              		.hidden	hal_st_lld.c.579c5e0a
  26              		.weak	hal_st_lld.c.579c5e0a
  27              	hal_st_lld.c.579c5e0a:
  28 0000 89010000 		.4byte	0x189
  29 0004 0500     		.2byte	0x5
  30 0006 01       		.byte	0x1
  31 0007 04       		.byte	0x4
  32 0008 00000000 		.4byte	.Ldebug_abbrev0
  33 000c 08       		.uleb128 0x8
  34 000d 50020000 		.4byte	.LASF32
  35 0011 1D       		.byte	0x1d
  36 0012 BD010000 		.4byte	.LASF33
  37 0016 47010000 		.4byte	.LASF34
  38 001a 00000000 		.4byte	.Ldebug_line0
  39 001e 09       		.uleb128 0x9
  40 001f 04       		.byte	0x4
  41 0020 05       		.byte	0x5
  42 0021 696E7400 		.ascii	"int\000"
  43 0025 01       		.uleb128 0x1
  44 0026 04       		.byte	0x4
  45 0027 07       		.byte	0x7
  46 0028 0F010000 		.4byte	.LASF0
  47 002c 01       		.uleb128 0x1
  48 002d 08       		.byte	0x8
  49 002e 05       		.byte	0x5
  50 002f 9C010000 		.4byte	.LASF1
  51 0033 01       		.uleb128 0x1
  52 0034 08       		.byte	0x8
  53 0035 04       		.byte	0x4
  54 0036 15020000 		.4byte	.LASF2
  55 003a 01       		.uleb128 0x1
  56 003b 01       		.byte	0x1
  57 003c 06       		.byte	0x6
ARM GAS  C:\Users\arthu\AppData\Local\Temp\ccwVTT46.s 			page 2


  58 003d 21020000 		.4byte	.LASF3
  59 0041 01       		.uleb128 0x1
  60 0042 01       		.byte	0x1
  61 0043 08       		.byte	0x8
  62 0044 88000000 		.4byte	.LASF4
  63 0048 01       		.uleb128 0x1
  64 0049 02       		.byte	0x2
  65 004a 05       		.byte	0x5
  66 004b 5B000000 		.4byte	.LASF5
  67 004f 01       		.uleb128 0x1
  68 0050 02       		.byte	0x2
  69 0051 07       		.byte	0x7
  70 0052 A8000000 		.4byte	.LASF6
  71 0056 01       		.uleb128 0x1
  72 0057 04       		.byte	0x4
  73 0058 05       		.byte	0x5
  74 0059 0C020000 		.4byte	.LASF7
  75 005d 05       		.uleb128 0x5
  76 005e EC000000 		.4byte	.LASF10
  77 0062 01       		.byte	0x1
  78 0063 4F       		.byte	0x4f
  79 0064 19       		.byte	0x19
  80 0065 69000000 		.4byte	0x69
  81 0069 01       		.uleb128 0x1
  82 006a 04       		.byte	0x4
  83 006b 07       		.byte	0x7
  84 006c 96000000 		.4byte	.LASF8
  85 0070 01       		.uleb128 0x1
  86 0071 08       		.byte	0x8
  87 0072 07       		.byte	0x7
  88 0073 71000000 		.4byte	.LASF9
  89 0077 05       		.uleb128 0x5
  90 0078 BB000000 		.4byte	.LASF11
  91 007c 02       		.byte	0x2
  92 007d 30       		.byte	0x30
  93 007e 14       		.byte	0x14
  94 007f 5D000000 		.4byte	0x5d
  95 0083 0A       		.uleb128 0xa
  96 0084 77000000 		.4byte	0x77
  97 0088 0B       		.uleb128 0xb
  98 0089 83000000 		.4byte	0x83
  99 008d 01       		.uleb128 0x1
 100 008e 01       		.byte	0x1
 101 008f 08       		.byte	0x8
 102 0090 2D010000 		.4byte	.LASF12
 103 0094 0C       		.uleb128 0xc
 104 0095 10       		.byte	0x10
 105 0096 03       		.byte	0x3
 106 0097 B602     		.2byte	0x2b6
 107 0099 09       		.byte	0x9
 108 009a D1000000 		.4byte	0xd1
 109 009e 03       		.uleb128 0x3
 110 009f 7E010000 		.4byte	.LASF13
 111 00a3 B802     		.2byte	0x2b8
 112 00a5 83000000 		.4byte	0x83
 113 00a9 00       		.byte	0
 114 00aa 03       		.uleb128 0x3
ARM GAS  C:\Users\arthu\AppData\Local\Temp\ccwVTT46.s 			page 3


 115 00ab F4010000 		.4byte	.LASF14
 116 00af B902     		.2byte	0x2b9
 117 00b1 83000000 		.4byte	0x83
 118 00b5 04       		.byte	0x4
 119 00b6 0D       		.uleb128 0xd
 120 00b7 56414C00 		.ascii	"VAL\000"
 121 00bb 03       		.byte	0x3
 122 00bc BA02     		.2byte	0x2ba
 123 00be 12       		.byte	0x12
 124 00bf 83000000 		.4byte	0x83
 125 00c3 08       		.byte	0x8
 126 00c4 03       		.uleb128 0x3
 127 00c5 96010000 		.4byte	.LASF15
 128 00c9 BB02     		.2byte	0x2bb
 129 00cb 88000000 		.4byte	0x88
 130 00cf 0C       		.byte	0xc
 131 00d0 00       		.byte	0
 132 00d1 0E       		.uleb128 0xe
 133 00d2 32010000 		.4byte	.LASF16
 134 00d6 03       		.byte	0x3
 135 00d7 BC02     		.2byte	0x2bc
 136 00d9 03       		.byte	0x3
 137 00da 94000000 		.4byte	0x94
 138 00de 01       		.uleb128 0x1
 139 00df 01       		.byte	0x1
 140 00e0 02       		.byte	0x2
 141 00e1 4A020000 		.4byte	.LASF17
 142 00e5 06       		.uleb128 0x6
 143 00e6 C4000000 		.4byte	.LASF18
 144 00ea 04       		.byte	0x4
 145 00eb 5101     		.2byte	0x151
 146 00ed 0F       		.uleb128 0xf
 147 00ee 2D020000 		.4byte	.LASF35
 148 00f2 08       		.byte	0x8
 149 00f3 51       		.byte	0x51
 150 00f4 08       		.byte	0x8
 151 00f5 04010000 		.4byte	0x104
 152 00f9 07       		.uleb128 0x7
 153 00fa 77000000 		.4byte	0x77
 154 00fe 07       		.uleb128 0x7
 155 00ff 77000000 		.4byte	0x77
 156 0103 00       		.byte	0
 157 0104 06       		.uleb128 0x6
 158 0105 17000000 		.4byte	.LASF19
 159 0109 05       		.byte	0x5
 160 010a E302     		.2byte	0x2e3
 161 010c 04       		.uleb128 0x4
 162 010d 00000000 		.4byte	.LASF20
 163 0111 2002     		.2byte	0x220
 164 0113 06       		.byte	0x6
 165 0114 04       		.uleb128 0x4
 166 0115 4F000000 		.4byte	.LASF21
 167 0119 E701     		.2byte	0x1e7
 168 011b 06       		.byte	0x6
 169 011c 04       		.uleb128 0x4
 170 011d 3F000000 		.4byte	.LASF22
 171 0121 D401     		.2byte	0x1d4
ARM GAS  C:\Users\arthu\AppData\Local\Temp\ccwVTT46.s 			page 4


 172 0123 01       		.byte	0x1
 173 0124 02       		.uleb128 0x2
 174 0125 2B000000 		.4byte	.LASF23
 175 0129 07       		.byte	0x7
 176 012a 9902     		.2byte	0x299
 177 012c 14       		.byte	0x14
 178 012d 02       		.uleb128 0x2
 179 012e 0A030000 		.4byte	.LASF24
 180 0132 07       		.byte	0x7
 181 0133 5E02     		.2byte	0x25e
 182 0135 14       		.byte	0x14
 183 0136 02       		.uleb128 0x2
 184 0137 AA010000 		.4byte	.LASF25
 185 013b 07       		.byte	0x7
 186 013c 5302     		.2byte	0x253
 187 013e 14       		.byte	0x14
 188 013f 02       		.uleb128 0x2
 189 0140 83010000 		.4byte	.LASF26
 190 0144 04       		.byte	0x4
 191 0145 D901     		.2byte	0x1d9
 192 0147 14       		.byte	0x14
 193 0148 02       		.uleb128 0x2
 194 0149 1C010000 		.4byte	.LASF27
 195 014d 04       		.byte	0x4
 196 014e C301     		.2byte	0x1c3
 197 0150 14       		.byte	0x14
 198 0151 02       		.uleb128 0x2
 199 0152 D7000000 		.4byte	.LASF28
 200 0156 05       		.byte	0x5
 201 0157 5803     		.2byte	0x358
 202 0159 1B       		.byte	0x1b
 203 015a 02       		.uleb128 0x2
 204 015b F9010000 		.4byte	.LASF29
 205 015f 05       		.byte	0x5
 206 0160 4D03     		.2byte	0x34d
 207 0162 1B       		.byte	0x1b
 208 0163 02       		.uleb128 0x2
 209 0164 65000000 		.4byte	.LASF30
 210 0168 05       		.byte	0x5
 211 0169 3E03     		.2byte	0x33e
 212 016b 1B       		.byte	0x1b
 213 016c 02       		.uleb128 0x2
 214 016d 05010000 		.4byte	.LASF31
 215 0171 05       		.byte	0x5
 216 0172 2603     		.2byte	0x326
 217 0174 1B       		.byte	0x1b
 218 0175 10       		.uleb128 0x10
 219 0176 F7000000 		.4byte	.LASF36
 220 017a 09       		.byte	0x9
 221 017b EB01     		.2byte	0x1eb
 222 017d 1B       		.byte	0x1b
 223 017e 11       		.uleb128 0x11
 224 017f 3F010000 		.4byte	.LASF37
 225 0183 09       		.byte	0x9
 226 0184 EB01     		.2byte	0x1eb
 227 0186 32       		.byte	0x32
 228 0187 77000000 		.4byte	0x77
ARM GAS  C:\Users\arthu\AppData\Local\Temp\ccwVTT46.s 			page 5


 229 018b 00       		.byte	0
 230 018c 00       		.byte	0
 231              		.section	.gnu.debuglto_.debug_abbrev,"e",%progbits
 232              	.Ldebug_abbrev0:
 233 0000 01       		.uleb128 0x1
 234 0001 24       		.uleb128 0x24
 235 0002 00       		.byte	0
 236 0003 0B       		.uleb128 0xb
 237 0004 0B       		.uleb128 0xb
 238 0005 3E       		.uleb128 0x3e
 239 0006 0B       		.uleb128 0xb
 240 0007 03       		.uleb128 0x3
 241 0008 0E       		.uleb128 0xe
 242 0009 00       		.byte	0
 243 000a 00       		.byte	0
 244 000b 02       		.uleb128 0x2
 245 000c 2E       		.uleb128 0x2e
 246 000d 00       		.byte	0
 247 000e 03       		.uleb128 0x3
 248 000f 0E       		.uleb128 0xe
 249 0010 3A       		.uleb128 0x3a
 250 0011 0B       		.uleb128 0xb
 251 0012 3B       		.uleb128 0x3b
 252 0013 05       		.uleb128 0x5
 253 0014 39       		.uleb128 0x39
 254 0015 0B       		.uleb128 0xb
 255 0016 27       		.uleb128 0x27
 256 0017 19       		.uleb128 0x19
 257 0018 00       		.byte	0
 258 0019 00       		.byte	0
 259 001a 03       		.uleb128 0x3
 260 001b 0D       		.uleb128 0xd
 261 001c 00       		.byte	0
 262 001d 03       		.uleb128 0x3
 263 001e 0E       		.uleb128 0xe
 264 001f 3A       		.uleb128 0x3a
 265 0020 21       		.uleb128 0x21
 266 0021 03       		.sleb128 3
 267 0022 3B       		.uleb128 0x3b
 268 0023 05       		.uleb128 0x5
 269 0024 39       		.uleb128 0x39
 270 0025 21       		.uleb128 0x21
 271 0026 12       		.sleb128 18
 272 0027 49       		.uleb128 0x49
 273 0028 13       		.uleb128 0x13
 274 0029 38       		.uleb128 0x38
 275 002a 0B       		.uleb128 0xb
 276 002b 00       		.byte	0
 277 002c 00       		.byte	0
 278 002d 04       		.uleb128 0x4
 279 002e 2E       		.uleb128 0x2e
 280 002f 00       		.byte	0
 281 0030 3F       		.uleb128 0x3f
 282 0031 19       		.uleb128 0x19
 283 0032 03       		.uleb128 0x3
 284 0033 0E       		.uleb128 0xe
 285 0034 3A       		.uleb128 0x3a
ARM GAS  C:\Users\arthu\AppData\Local\Temp\ccwVTT46.s 			page 6


 286 0035 21       		.uleb128 0x21
 287 0036 06       		.sleb128 6
 288 0037 3B       		.uleb128 0x3b
 289 0038 05       		.uleb128 0x5
 290 0039 39       		.uleb128 0x39
 291 003a 0B       		.uleb128 0xb
 292 003b 27       		.uleb128 0x27
 293 003c 19       		.uleb128 0x19
 294 003d 00       		.byte	0
 295 003e 00       		.byte	0
 296 003f 05       		.uleb128 0x5
 297 0040 16       		.uleb128 0x16
 298 0041 00       		.byte	0
 299 0042 03       		.uleb128 0x3
 300 0043 0E       		.uleb128 0xe
 301 0044 3A       		.uleb128 0x3a
 302 0045 0B       		.uleb128 0xb
 303 0046 3B       		.uleb128 0x3b
 304 0047 0B       		.uleb128 0xb
 305 0048 39       		.uleb128 0x39
 306 0049 0B       		.uleb128 0xb
 307 004a 49       		.uleb128 0x49
 308 004b 13       		.uleb128 0x13
 309 004c 00       		.byte	0
 310 004d 00       		.byte	0
 311 004e 06       		.uleb128 0x6
 312 004f 2E       		.uleb128 0x2e
 313 0050 00       		.byte	0
 314 0051 3F       		.uleb128 0x3f
 315 0052 19       		.uleb128 0x19
 316 0053 03       		.uleb128 0x3
 317 0054 0E       		.uleb128 0xe
 318 0055 3A       		.uleb128 0x3a
 319 0056 0B       		.uleb128 0xb
 320 0057 3B       		.uleb128 0x3b
 321 0058 05       		.uleb128 0x5
 322 0059 39       		.uleb128 0x39
 323 005a 21       		.uleb128 0x21
 324 005b 08       		.sleb128 8
 325 005c 27       		.uleb128 0x27
 326 005d 19       		.uleb128 0x19
 327 005e 3C       		.uleb128 0x3c
 328 005f 19       		.uleb128 0x19
 329 0060 00       		.byte	0
 330 0061 00       		.byte	0
 331 0062 07       		.uleb128 0x7
 332 0063 05       		.uleb128 0x5
 333 0064 00       		.byte	0
 334 0065 49       		.uleb128 0x49
 335 0066 13       		.uleb128 0x13
 336 0067 00       		.byte	0
 337 0068 00       		.byte	0
 338 0069 08       		.uleb128 0x8
 339 006a 11       		.uleb128 0x11
 340 006b 01       		.byte	0x1
 341 006c 25       		.uleb128 0x25
 342 006d 0E       		.uleb128 0xe
ARM GAS  C:\Users\arthu\AppData\Local\Temp\ccwVTT46.s 			page 7


 343 006e 13       		.uleb128 0x13
 344 006f 0B       		.uleb128 0xb
 345 0070 03       		.uleb128 0x3
 346 0071 0E       		.uleb128 0xe
 347 0072 1B       		.uleb128 0x1b
 348 0073 0E       		.uleb128 0xe
 349 0074 10       		.uleb128 0x10
 350 0075 17       		.uleb128 0x17
 351 0076 00       		.byte	0
 352 0077 00       		.byte	0
 353 0078 09       		.uleb128 0x9
 354 0079 24       		.uleb128 0x24
 355 007a 00       		.byte	0
 356 007b 0B       		.uleb128 0xb
 357 007c 0B       		.uleb128 0xb
 358 007d 3E       		.uleb128 0x3e
 359 007e 0B       		.uleb128 0xb
 360 007f 03       		.uleb128 0x3
 361 0080 08       		.uleb128 0x8
 362 0081 00       		.byte	0
 363 0082 00       		.byte	0
 364 0083 0A       		.uleb128 0xa
 365 0084 35       		.uleb128 0x35
 366 0085 00       		.byte	0
 367 0086 49       		.uleb128 0x49
 368 0087 13       		.uleb128 0x13
 369 0088 00       		.byte	0
 370 0089 00       		.byte	0
 371 008a 0B       		.uleb128 0xb
 372 008b 26       		.uleb128 0x26
 373 008c 00       		.byte	0
 374 008d 49       		.uleb128 0x49
 375 008e 13       		.uleb128 0x13
 376 008f 00       		.byte	0
 377 0090 00       		.byte	0
 378 0091 0C       		.uleb128 0xc
 379 0092 13       		.uleb128 0x13
 380 0093 01       		.byte	0x1
 381 0094 0B       		.uleb128 0xb
 382 0095 0B       		.uleb128 0xb
 383 0096 3A       		.uleb128 0x3a
 384 0097 0B       		.uleb128 0xb
 385 0098 3B       		.uleb128 0x3b
 386 0099 05       		.uleb128 0x5
 387 009a 39       		.uleb128 0x39
 388 009b 0B       		.uleb128 0xb
 389 009c 01       		.uleb128 0x1
 390 009d 13       		.uleb128 0x13
 391 009e 00       		.byte	0
 392 009f 00       		.byte	0
 393 00a0 0D       		.uleb128 0xd
 394 00a1 0D       		.uleb128 0xd
 395 00a2 00       		.byte	0
 396 00a3 03       		.uleb128 0x3
 397 00a4 08       		.uleb128 0x8
 398 00a5 3A       		.uleb128 0x3a
 399 00a6 0B       		.uleb128 0xb
ARM GAS  C:\Users\arthu\AppData\Local\Temp\ccwVTT46.s 			page 8


 400 00a7 3B       		.uleb128 0x3b
 401 00a8 05       		.uleb128 0x5
 402 00a9 39       		.uleb128 0x39
 403 00aa 0B       		.uleb128 0xb
 404 00ab 49       		.uleb128 0x49
 405 00ac 13       		.uleb128 0x13
 406 00ad 38       		.uleb128 0x38
 407 00ae 0B       		.uleb128 0xb
 408 00af 00       		.byte	0
 409 00b0 00       		.byte	0
 410 00b1 0E       		.uleb128 0xe
 411 00b2 16       		.uleb128 0x16
 412 00b3 00       		.byte	0
 413 00b4 03       		.uleb128 0x3
 414 00b5 0E       		.uleb128 0xe
 415 00b6 3A       		.uleb128 0x3a
 416 00b7 0B       		.uleb128 0xb
 417 00b8 3B       		.uleb128 0x3b
 418 00b9 05       		.uleb128 0x5
 419 00ba 39       		.uleb128 0x39
 420 00bb 0B       		.uleb128 0xb
 421 00bc 49       		.uleb128 0x49
 422 00bd 13       		.uleb128 0x13
 423 00be 00       		.byte	0
 424 00bf 00       		.byte	0
 425 00c0 0F       		.uleb128 0xf
 426 00c1 2E       		.uleb128 0x2e
 427 00c2 01       		.byte	0x1
 428 00c3 3F       		.uleb128 0x3f
 429 00c4 19       		.uleb128 0x19
 430 00c5 03       		.uleb128 0x3
 431 00c6 0E       		.uleb128 0xe
 432 00c7 3A       		.uleb128 0x3a
 433 00c8 0B       		.uleb128 0xb
 434 00c9 3B       		.uleb128 0x3b
 435 00ca 0B       		.uleb128 0xb
 436 00cb 39       		.uleb128 0x39
 437 00cc 0B       		.uleb128 0xb
 438 00cd 27       		.uleb128 0x27
 439 00ce 19       		.uleb128 0x19
 440 00cf 3C       		.uleb128 0x3c
 441 00d0 19       		.uleb128 0x19
 442 00d1 01       		.uleb128 0x1
 443 00d2 13       		.uleb128 0x13
 444 00d3 00       		.byte	0
 445 00d4 00       		.byte	0
 446 00d5 10       		.uleb128 0x10
 447 00d6 2E       		.uleb128 0x2e
 448 00d7 01       		.byte	0x1
 449 00d8 03       		.uleb128 0x3
 450 00d9 0E       		.uleb128 0xe
 451 00da 3A       		.uleb128 0x3a
 452 00db 0B       		.uleb128 0xb
 453 00dc 3B       		.uleb128 0x3b
 454 00dd 05       		.uleb128 0x5
 455 00de 39       		.uleb128 0x39
 456 00df 0B       		.uleb128 0xb
ARM GAS  C:\Users\arthu\AppData\Local\Temp\ccwVTT46.s 			page 9


 457 00e0 27       		.uleb128 0x27
 458 00e1 19       		.uleb128 0x19
 459 00e2 00       		.byte	0
 460 00e3 00       		.byte	0
 461 00e4 11       		.uleb128 0x11
 462 00e5 05       		.uleb128 0x5
 463 00e6 00       		.byte	0
 464 00e7 03       		.uleb128 0x3
 465 00e8 0E       		.uleb128 0xe
 466 00e9 3A       		.uleb128 0x3a
 467 00ea 0B       		.uleb128 0xb
 468 00eb 3B       		.uleb128 0x3b
 469 00ec 05       		.uleb128 0x5
 470 00ed 39       		.uleb128 0x39
 471 00ee 0B       		.uleb128 0xb
 472 00ef 49       		.uleb128 0x49
 473 00f0 13       		.uleb128 0x13
 474 00f1 00       		.byte	0
 475 00f2 00       		.byte	0
 476 00f3 00       		.byte	0
 477              		.section	.gnu.debuglto_.debug_line,"e",%progbits
 478              	.Ldebug_line0:
 479 0000 7A000000 		.4byte	.LELT0-.LSLT0
 480              	.LSLT0:
 481 0004 0500     		.2byte	0x5
 482 0006 04       		.byte	0x4
 483 0007 00       		.byte	0
 484 0008 72000000 		.4byte	.LELTP0-.LASLTP0
 485              	.LASLTP0:
 486 000c 01       		.byte	0x1
 487 000d 01       		.byte	0x1
 488 000e 01       		.byte	0x1
 489 000f F6       		.byte	0xf6
 490 0010 F2       		.byte	0xf2
 491 0011 0D       		.byte	0xd
 492 0012 00       		.byte	0
 493 0013 01       		.byte	0x1
 494 0014 01       		.byte	0x1
 495 0015 01       		.byte	0x1
 496 0016 01       		.byte	0x1
 497 0017 00       		.byte	0
 498 0018 00       		.byte	0
 499 0019 00       		.byte	0
 500 001a 01       		.byte	0x1
 501 001b 00       		.byte	0
 502 001c 00       		.byte	0
 503 001d 01       		.byte	0x1
 504 001e 01       		.byte	0x1
 505 001f 01       		.uleb128 0x1
 506 0020 1F       		.uleb128 0x1f
 507 0021 09       		.uleb128 0x9
 508 0022 47010000 		.4byte	.LASF38
 509 0026 00000000 		.4byte	.LASF39
 510 002a 1B010000 		.4byte	.LASF40
 511 002e 7E010000 		.4byte	.LASF41
 512 0032 9A010000 		.4byte	.LASF42
 513 0036 38000000 		.4byte	.LASF43
ARM GAS  C:\Users\arthu\AppData\Local\Temp\ccwVTT46.s 			page 10


 514 003a BD000000 		.4byte	.LASF44
 515 003e 5C000000 		.4byte	.LASF45
 516 0042 D4000000 		.4byte	.LASF46
 517 0046 02       		.byte	0x2
 518 0047 01       		.uleb128 0x1
 519 0048 1F       		.uleb128 0x1f
 520 0049 02       		.uleb128 0x2
 521 004a 0B       		.uleb128 0xb
 522 004b 0A       		.uleb128 0xa
 523 004c CB010000 		.4byte	.LASF47
 524 0050 00       		.byte	0
 525 0051 11020000 		.4byte	.LASF48
 526 0055 07       		.byte	0x7
 527 0056 2E000000 		.4byte	.LASF49
 528 005a 08       		.byte	0x8
 529 005b 3C010000 		.4byte	.LASF50
 530 005f 01       		.byte	0x1
 531 0060 02020000 		.4byte	.LASF51
 532 0064 06       		.byte	0x6
 533 0065 B4000000 		.4byte	.LASF52
 534 0069 02       		.byte	0x2
 535 006a A7000000 		.4byte	.LASF53
 536 006e 04       		.byte	0x4
 537 006f C4010000 		.4byte	.LASF54
 538 0073 03       		.byte	0x3
 539 0074 0A020000 		.4byte	.LASF55
 540 0078 05       		.byte	0x5
 541 0079 22020000 		.4byte	.LASF56
 542 007d 01       		.byte	0x1
 543              	.LELTP0:
 544              	.LELT0:
 545              		.section	.gnu.debuglto_.debug_str,"eMS",%progbits,1
 546              	.LASF20:
 547 0000 73745F6C 		.ascii	"st_lld_serve_interrupt\000"
 547      6C645F73 
 547      65727665 
 547      5F696E74 
 547      65727275 
 548              	.LASF19:
 549 0017 5F5F706F 		.ascii	"__port_irq_epilogue\000"
 549      72745F69 
 549      72715F65 
 549      70696C6F 
 549      67756500 
 550              	.LASF23:
 551 002b 6F73616C 		.ascii	"osalOsTimerHandlerI\000"
 551      4F735469 
 551      6D657248 
 551      616E646C 
 551      65724900 
 552              	.LASF22:
 553 003f 53797354 		.ascii	"SysTick_Handler\000"
 553      69636B5F 
 553      48616E64 
 553      6C657200 
 554              	.LASF21:
 555 004f 73745F6C 		.ascii	"st_lld_init\000"
ARM GAS  C:\Users\arthu\AppData\Local\Temp\ccwVTT46.s 			page 11


 555      6C645F69 
 555      6E697400 
 556              	.LASF5:
 557 005b 73686F72 		.ascii	"short int\000"
 557      7420696E 
 557      7400
 558              	.LASF30:
 559 0065 706F7274 		.ascii	"port_unlock\000"
 559      5F756E6C 
 559      6F636B00 
 560              	.LASF9:
 561 0071 6C6F6E67 		.ascii	"long long unsigned int\000"
 561      206C6F6E 
 561      6720756E 
 561      7369676E 
 561      65642069 
 562              	.LASF4:
 563 0088 756E7369 		.ascii	"unsigned char\000"
 563      676E6564 
 563      20636861 
 563      7200
 564              	.LASF8:
 565 0096 6C6F6E67 		.ascii	"long unsigned int\000"
 565      20756E73 
 565      69676E65 
 565      6420696E 
 565      7400
 566              	.LASF6:
 567 00a8 73686F72 		.ascii	"short unsigned int\000"
 567      7420756E 
 567      7369676E 
 567      65642069 
 567      6E7400
 568              	.LASF11:
 569 00bb 75696E74 		.ascii	"uint32_t\000"
 569      33325F74 
 569      00
 570              	.LASF18:
 571 00c4 63685379 		.ascii	"chSysTimerHandlerI\000"
 571      7354696D 
 571      65724861 
 571      6E646C65 
 571      724900
 572              	.LASF28:
 573 00d7 706F7274 		.ascii	"port_unlock_from_isr\000"
 573      5F756E6C 
 573      6F636B5F 
 573      66726F6D 
 573      5F697372 
 574              	.LASF10:
 575 00ec 5F5F7569 		.ascii	"__uint32_t\000"
 575      6E743332 
 575      5F7400
 576              	.LASF36:
 577 00f7 5F5F7365 		.ascii	"__set_BASEPRI\000"
 577      745F4241 
 577      53455052 
ARM GAS  C:\Users\arthu\AppData\Local\Temp\ccwVTT46.s 			page 12


 577      4900
 578              	.LASF31:
 579 0105 706F7274 		.ascii	"port_lock\000"
 579      5F6C6F63 
 579      6B00
 580              	.LASF0:
 581 010f 756E7369 		.ascii	"unsigned int\000"
 581      676E6564 
 581      20696E74 
 581      00
 582              	.LASF27:
 583 011c 63685379 		.ascii	"chSysLockFromISR\000"
 583      734C6F63 
 583      6B46726F 
 583      6D495352 
 583      00
 584              	.LASF12:
 585 012d 63686172 		.ascii	"char\000"
 585      00
 586              	.LASF16:
 587 0132 53797354 		.ascii	"SysTick_Type\000"
 587      69636B5F 
 587      54797065 
 587      00
 588              	.LASF37:
 589 013f 62617365 		.ascii	"basePri\000"
 589      50726900 
 590              	.LASF34:
 591 0147 443A5C43 		.ascii	"D:\\ChibiOS_21.11.3\\Apps\\Projeto\\RT-STM32F103-MA"
 591      68696269 
 591      4F535F32 
 591      312E3131 
 591      2E335C41 
 592 0176 504C454D 		.ascii	"PLEMINI\000"
 592      494E4900 
 593              	.LASF13:
 594 017e 4354524C 		.ascii	"CTRL\000"
 594      00
 595              	.LASF26:
 596 0183 63685379 		.ascii	"chSysUnlockFromISR\000"
 596      73556E6C 
 596      6F636B46 
 596      726F6D49 
 596      535200
 597              	.LASF15:
 598 0196 43414C49 		.ascii	"CALIB\000"
 598      4200
 599              	.LASF1:
 600 019c 6C6F6E67 		.ascii	"long long int\000"
 600      206C6F6E 
 600      6720696E 
 600      7400
 601              	.LASF25:
 602 01aa 6F73616C 		.ascii	"osalSysLockFromISR\000"
 602      5379734C 
 602      6F636B46 
 602      726F6D49 
ARM GAS  C:\Users\arthu\AppData\Local\Temp\ccwVTT46.s 			page 13


 602      535200
 603              	.LASF33:
 604 01bd 2E2E2F2E 		.ascii	"../../../os/hal/ports/STM32/LLD/SYSTICKv1/hal_st_ll"
 604      2E2F2E2E 
 604      2F6F732F 
 604      68616C2F 
 604      706F7274 
 605 01f0 642E6300 		.ascii	"d.c\000"
 606              	.LASF14:
 607 01f4 4C4F4144 		.ascii	"LOAD\000"
 607      00
 608              	.LASF29:
 609 01f9 706F7274 		.ascii	"port_lock_from_isr\000"
 609      5F6C6F63 
 609      6B5F6672 
 609      6F6D5F69 
 609      737200
 610              	.LASF7:
 611 020c 6C6F6E67 		.ascii	"long int\000"
 611      20696E74 
 611      00
 612              	.LASF2:
 613 0215 6C6F6E67 		.ascii	"long double\000"
 613      20646F75 
 613      626C6500 
 614              	.LASF3:
 615 0221 7369676E 		.ascii	"signed char\000"
 615      65642063 
 615      68617200 
 616              	.LASF35:
 617 022d 6E766963 		.ascii	"nvicSetSystemHandlerPriority\000"
 617      53657453 
 617      79737465 
 617      6D48616E 
 617      646C6572 
 618              	.LASF17:
 619 024a 5F426F6F 		.ascii	"_Bool\000"
 619      6C00
 620              	.LASF32:
 621 0250 474E5520 		.ascii	"GNU C17 13.3.1 20240614 -mcpu=cortex-m3 -mthumb -mf"
 621      43313720 
 621      31332E33 
 621      2E312032 
 621      30323430 
 622 0283 6C6F6174 		.ascii	"loat-abi=soft -march=armv7-m -ggdb -O2 -fomit-frame"
 622      2D616269 
 622      3D736F66 
 622      74202D6D 
 622      61726368 
 623 02b6 2D706F69 		.ascii	"-pointer -falign-functions=16 -ffunction-sections -"
 623      6E746572 
 623      202D6661 
 623      6C69676E 
 623      2D66756E 
 624 02e9 66646174 		.ascii	"fdata-sections -fno-common -flto\000"
 624      612D7365 
 624      6374696F 
ARM GAS  C:\Users\arthu\AppData\Local\Temp\ccwVTT46.s 			page 14


 624      6E73202D 
 624      666E6F2D 
 625              	.LASF24:
 626 030a 6F73616C 		.ascii	"osalSysUnlockFromISR\000"
 626      53797355 
 626      6E6C6F63 
 626      6B46726F 
 626      6D495352 
 627              		.section	.gnu.debuglto_.debug_line_str,"eMS",%progbits,1
 628              	.LASF39:
 629 0000 2E2E2F2E 		.ascii	"../../../os/common/ext/ARM/CMSIS/Core/Include\000"
 629      2E2F2E2E 
 629      2F6F732F 
 629      636F6D6D 
 629      6F6E2F65 
 630              	.LASF49:
 631 002e 5F737464 		.ascii	"_stdint.h\000"
 631      696E742E 
 631      6800
 632              	.LASF43:
 633 0038 2E2E2F2E 		.ascii	"../../../os/hal/ports/common/ARMCMx\000"
 633      2E2F2E2E 
 633      2F6F732F 
 633      68616C2F 
 633      706F7274 
 634              	.LASF45:
 635 005c 443A2F41 		.ascii	"D:/Arm GNU Toolchain arm-none-eabi/13.3 rel1/arm-no"
 635      726D2047 
 635      4E552054 
 635      6F6F6C63 
 635      6861696E 
 636 008f 6E652D65 		.ascii	"ne-eabi/include/machine\000"
 636      6162692F 
 636      696E636C 
 636      7564652F 
 636      6D616368 
 637              	.LASF53:
 638 00a7 68616C5F 		.ascii	"hal_st_lld.c\000"
 638      73745F6C 
 638      6C642E63 
 638      00
 639              	.LASF52:
 640 00b4 6368636F 		.ascii	"chcore.h\000"
 640      72652E68 
 640      00
 641              	.LASF44:
 642 00bd 2E2E2F2E 		.ascii	"../../../os/rt/include\000"
 642      2E2F2E2E 
 642      2F6F732F 
 642      72742F69 
 642      6E636C75 
 643              	.LASF46:
 644 00d4 443A2F41 		.ascii	"D:/Arm GNU Toolchain arm-none-eabi/13.3 rel1/arm-no"
 644      726D2047 
 644      4E552054 
 644      6F6F6C63 
 644      6861696E 
ARM GAS  C:\Users\arthu\AppData\Local\Temp\ccwVTT46.s 			page 15


 645 0107 6E652D65 		.ascii	"ne-eabi/include/sys\000"
 645      6162692F 
 645      696E636C 
 645      7564652F 
 645      73797300 
 646              	.LASF40:
 647 011b 2E2E2F2E 		.ascii	"../../../os/common/ports/ARMv7-M\000"
 647      2E2F2E2E 
 647      2F6F732F 
 647      636F6D6D 
 647      6F6E2F70 
 648              	.LASF50:
 649 013c 636F7265 		.ascii	"core_cm3.h\000"
 649      5F636D33 
 649      2E6800
 650              	.LASF38:
 651 0147 443A5C43 		.ascii	"D:\\ChibiOS_21.11.3\\Apps\\Projeto\\RT-STM32F103-MA"
 651      68696269 
 651      4F535F32 
 651      312E3131 
 651      2E335C41 
 652 0176 504C454D 		.ascii	"PLEMINI\000"
 652      494E4900 
 653              	.LASF41:
 654 017e 2E2E2F2E 		.ascii	"../../../os/hal/osal/rt-nil\000"
 654      2E2F2E2E 
 654      2F6F732F 
 654      68616C2F 
 654      6F73616C 
 655              	.LASF42:
 656 019a 2E2E2F2E 		.ascii	"../../../os/hal/ports/STM32/LLD/SYSTICKv1\000"
 656      2E2F2E2E 
 656      2F6F732F 
 656      68616C2F 
 656      706F7274 
 657              	.LASF54:
 658 01c4 6F73616C 		.ascii	"osal.h\000"
 658      2E6800
 659              	.LASF47:
 660 01cb 2E2E2F2E 		.ascii	"../../../os/hal/ports/STM32/LLD/SYSTICKv1/hal_st_ll"
 660      2E2F2E2E 
 660      2F6F732F 
 660      68616C2F 
 660      706F7274 
 661 01fe 642E6300 		.ascii	"d.c\000"
 662              	.LASF51:
 663 0202 63687379 		.ascii	"chsys.h\000"
 663      732E6800 
 664              	.LASF55:
 665 020a 6E766963 		.ascii	"nvic.h\000"
 665      2E6800
 666              	.LASF48:
 667 0211 5F646566 		.ascii	"_default_types.h\000"
 667      61756C74 
 667      5F747970 
 667      65732E68 
 667      00
ARM GAS  C:\Users\arthu\AppData\Local\Temp\ccwVTT46.s 			page 16


 668              	.LASF56:
 669 0222 636D7369 		.ascii	"cmsis_gcc.h\000"
 669      735F6763 
 669      632E6800 
 670              		.text
 671              		.section	.gnu.lto_.profile.c045d644,"e",%progbits
 672 0000 789C6362 		.ascii	"x\234cb\000\001\000\000\022\000\003"
 672      00010000 
 672      120003
 673              		.text
 674              		.section	.gnu.lto_.icf.c045d644,"e",%progbits
 675 0000 789C5366 		.ascii	"x\234Sf@\000f\206w\375o\272\330\030\030o\335\273\375"
 675      40006686 
 675      77FD6FBA 
 675      D818186F 
 675      DDBBFD
 676 0013 8F8B8D89 		.ascii	"\217\213\215\211\201\211\021\216\357.<\371\236\205\201"
 676      8189118E 
 676      EF2E3CF9 
 676      9E8581
 677 0022 0100D013 		.ascii	"\001\000\320\023\012\015"
 677      0A0D
 678              		.text
 679              		.section	.gnu.lto_.ipa_sra.c045d644,"e",%progbits
 680 0000 789C1366 		.ascii	"x\234\023f@\000f\006\006F\020\004\023L`6\000\002\374"
 680      40006606 
 680      06461004 
 680      134C6036 
 680      0002FC
 681 0013 0021     		.ascii	"\000!"
 682              		.text
 683              		.section	.gnu.lto_.inline.c045d644,"e",%progbits
 684 0000 789CEB62 		.ascii	"x\234\353b@\000f\006\006\366\006 `Ngd``b\0011\231R\030"
 684      40006606 
 684      06F60620 
 684      604E6764 
 684      60606201 
 685 0018 18D8200C 		.ascii	"\030\330 \014&\006&\220\"F.$\222\201\023(5\201\011\254"
 685      26062690 
 685      22462E24 
 685      92811328 
 685      358109AC 
 686 002c 1EAC8C19 		.ascii	"\036\254\214\031C=3\017\220\000\263\230\3002\007\230"
 686      433D330F 
 686      9000B398 
 686      C0320798 
 687 003c D3089ACE 		.ascii	"\323\010\232\316\000\000\313R\026\377"
 687      0000CB52 
 687      16FF
 688              		.text
 689              		.section	.gnu.lto_.jmpfuncs.c045d644,"e",%progbits
 690 0000 789CD367 		.ascii	"x\234\323g@\000f0\311\310\300\300\302\304V\315\310\315"
 690      40006630 
 690      C9C8C0C0 
 690      C2C456CD 
 690      C8CD
 691 0012 C0788085 		.ascii	"\300x\200\205\221\033\210\031\030@|\0160\237\003\302"
ARM GAS  C:\Users\arthu\AppData\Local\Temp\ccwVTT46.s 			page 17


 691      911B8819 
 691      18407C0E 
 691      309F03C2 
 692 0022 07290400 		.ascii	"\007)\004\000il\004~"
 692      696C047E 
 693              		.text
 694              		.section	.gnu.lto_.pureconst.c045d644,"e",%progbits
 695 0000 789CE362 		.ascii	"x\234\343b```f\330\305\3128\213\205i\027+\000\013B\002"
 695      60606066 
 695      D8C5CA38 
 695      8B856917 
 695      2B000B42 
 696 0015 2D       		.ascii	"-"
 697              		.text
 698              		.section	.gnu.lto_.ipa_modref.c045d644,"e",%progbits
 699 0000 789C1361 		.ascii	"x\234\023a@\000FF(\315\304\014\304,@\036\033\003\000"
 699      40004646 
 699      28CDC40C 
 699      C42C401E 
 699      1B0300
 700 0013 0346002B 		.ascii	"\003F\000+"
 701              		.text
 702              		.section	.gnu.lto_.lto.c045d644,"e",%progbits
 703 0000 0D000100 		.ascii	"\015\000\001\000\001\000\000\000"
 703      01000000 
 704              		.text
 705              		.section	.gnu.lto_SysTick_Handler.308.c045d644,"e",%progbits
 706 0000 789C6D53 		.ascii	"x\234mSkL\024W\024>\347\316.h$Qb\351_\011\304\220Tw"
 706      6B4C1457 
 706      143EE7CE 
 706      2E682451 
 706      62E95F09 
 707 0018 87951052 		.ascii	"\207\225\020RM\215\004m\272-k\221%FS\322\015\016\033"
 707      4D8D046D 
 707      BA2D6B91 
 707      254653D2 
 707      0D0E1B
 708 002b 58CB3238 		.ascii	"X\31328\263>\210!L\241\255)\326\030\375c\177\030PK\323"
 708      B33E8821 
 708      4CA1AD29 
 708      D618FD63 
 708      7F18504B 
 709 0040 4A560D69 		.ascii	"JV\015iZY\331\301\365\305C\236Zm41\006\204`L\026\003"
 709      5A59D9C1 
 709      F5C5439E 
 709      5A6D3431 
 709      0684604C 
 710 0056 8211121F 		.ascii	"\202\021\022\037\275w\356\354\262\266l6s\357\371\316"
 710      BD77EEEC 
 710      B2B66C36 
 710      73EFF9CE 
 711 0066 77CE3DDF 		.ascii	"w\316=\337wg\210\005`'\002d\002\000\012\200'O4\021\320"
 711      77678805 
 711      60270264 
 711      02000A80 
 711      274F3411 
 712 007b 346D4B32 		.ascii	"4mK2\301oO4\245b\010\215\010\241\236`=\006\005\221\206"
ARM GAS  C:\Users\arthu\AppData\Local\Temp\ccwVTT46.s 			page 18


 712      C16F4F34 
 712      A562088D 
 712      08A19E60 
 712      3D060591 
 713 0090 F347F507 		.ascii	"\363G\365\007_k\277G0\012P\017\346o\205\261\027\254"
 713      5F6BBF47 
 713      300A500F 
 713      E66F85B1 
 713      17AC
 714 00a2 4837759D 		.ascii	"H7u\235\010tC\251\035\0352\\\301\303\261\350Q\373\007"
 714      087443A9 
 714      1D1D325C 
 714      C1C3B1E8 
 714      51FB07
 715 00b5 10C65A33 		.ascii	"\020\306Z3\014\337;r\341\217\024\320\361\240\011\234"
 715      0CDF3B72 
 715      E18F14D0 
 715      F1A0099C 
 716 00c5 7ED4746C 		.ascii	"~\324tl%t\341\376x|\264e\023\\E\225\306I\253\321B\237"
 716      2574E1FE 
 716      787CB465 
 716      135C4595 
 716      C649ABD1 
 717 00db 69986EC5 		.ascii	"i\230n\305ec\254\277-BG\231h\376\253%\267Y\213X\366"
 717      6563ACBF 
 717      2D424799 
 717      68FEAB25 
 717      B7598B58 
 718 00f0 DDC0BAEB 		.ascii	"\335\300\272\353x\015\341&\222\344V\362\226Xq\035#t"
 718      780DE126 
 718      92E456F2 
 718      9658711D 
 718      2374
 719 0102 9C3A3DBB 		.ascii	"\234:=\273k\274Q\353\325\030\245\336\244\320\201\315"
 719      6BBC51EB 
 719      D518A5DE 
 719      A4D081CD 
 720 0112 911E8752 		.ascii	"\221\036\207Rn!D\260\216)\350F>9\200\334\033\223\020"
 720      6E2144B0 
 720      8E29E846 
 720      3E3980DC 
 720      1B9310
 721 0125 9E7B76EC 		.ascii	"\236{v\354\027\244c\313\214\321\207\361\304\317\217"
 721      17A463CB 
 721      8CD187F1 
 721      C4CF8F
 722 0134 1D14F52F 		.ascii	"\035\024\365/\212\351\245b\372\361\233E1\372J\030@\337"
 722      8AE9A562 
 722      FAF19B45 
 722      31FA4A18 
 722      40DF
 723 0146 A2982B9B 		.ascii	"\242\230+\233`\020+\200O6\375z\366\301\270\240\265j"
 723      60102B80 
 723      4F36FD7A 
 723      F6C1B8A0 
 723      B56A
 724 0158 64C9B97E 		.ascii	"d\311\271~\354L\031F\030\342s\215\260\271X\362\322]"
ARM GAS  C:\Users\arthu\AppData\Local\Temp\ccwVTT46.s 			page 19


 724      EC4C1946 
 724      18E2738D 
 724      B0B958F2 
 724      D25D
 725 016a EBA836FF 		.ascii	"\353\2506\377\256E\323\216\177\022\034>~\371\2255\011"
 725      AE45D38E 
 725      7F121C3E 
 725      7EF99535 
 725      09
 726 017b E0BCC0AE 		.ascii	"\340\274\300\256L\263 \264\011\204\357\032#\360\216"
 726      4CB320B4 
 726      0984EF1A 
 726      23F08E
 727 018a 684F42BA 		.ascii	"hOB\272\300\326\214%\036\347BhP\3068e\374l\367\030a"
 727      C0D68C25 
 727      1EE74268 
 727      50C63865 
 727      FC6CF718 
 728 019f A7306CA6 		.ascii	"\2470l\246{\007[g\3574\007\007\257\255\3050G\377\034"
 728      7B075B67 
 728      EF340707 
 728      AFADC530 
 728      47FF1C
 729 01b2 7418E84C 		.ascii	"t\030\350L[0\034$\250\233hX\340\350\305\271h{\026vq"
 729      5B301C24 
 729      A89B6858 
 729      E0E8C5B9 
 729      687B1676 
 730 01c7 F44DD4E0 		.ascii	"\364M\324\340\216\207&)v\225c\013\223\014k8c\001\274"
 730      8E872629 
 730      7695630B 
 730      930C6B38 
 730      6301BC
 731 01da 8949FB30 		.ascii	"\211I\3730\333\250\353\323\243]\235\004oq\316\313\256"
 731      DBA8EBD3 
 731      A35D9D04 
 731      6F71CECB 
 731      AE
 732 01eb D5D88DF0 		.ascii	"\325\330\215\360\235\320\220\301\004w\322[\314\032 "
 732      9DD090C1 
 732      0477D25B 
 732      CC1A20
 733 01fa 3F2CF35A 		.ascii	"?,\363Zq9\225\3777\002]\356\341]v\007Y\3034!1\370\037"
 733      713995FF 
 733      37025DEE 
 733      E15D7607 
 733      59C33421 
 734 0211 6A0DED3C 		.ascii	"j\015\355<=}q~2\225ug\241\366b\246\255#\334\037\037"
 734      3D7D717E 
 734      32957567 
 734      A1F662A6 
 734      AD23DC1F 
 735 0226 540F6F36 		.ascii	"T\017o6\320;\277]\376)\315TJ\025N\334\247\012{9e\352"
 735      D03BBF5D 
 735      FE29CD54 
 735      4A154EDC 
 735      A70A7B39 
ARM GAS  C:\Users\arthu\AppData\Local\Temp\ccwVTT46.s 			page 20


 736 023c 7E3BC13E 		.ascii	"~;\301>\204\357\205\306thBR\346\241\001I\345e=\357\225"
 736      84EF85C6 
 736      74684252 
 736      E6A10149 
 736      E5653DEF 
 737 0251 CD33636E 		.ascii	"\3153cn\363\262\263C1c&tjL\277\331L\377\214\233\251"
 737      F3B2B343 
 737      31632674 
 737      6A4CBFD9 
 737      4CFF8C9B 
 738 0266 7FCEA5E9 		.ascii	"\177\316\245\3511\243F\247\250)\003\234\365l\212\033"
 738      31A346A7 
 738      A829039C 
 738      F56C8A1B 
 739 0276 B5F09462 		.ascii	"\265\360\224b\203\034\3735\0327j\210\031\005\211F\015"
 739      831CFB35 
 739      1A376A88 
 739      19058946 
 739      0D
 740 0287 2F1A3592 		.ascii	"/\0325\222h\224\341\313C\303\237\004?Z\243\251\254\011"
 740      6894E1CB 
 740      43C39F04 
 740      3F5AA3A9 
 740      AC09
 741 0299 F763A4E7 		.ascii	"\367c\244\347\371\012\344\327\376\2777\".\371+`\212"
 741      F90AE4D7 
 741      FEBF3722 
 741      2EF92B60 
 741      8A
 742 02aa 8F080DA3 		.ascii	"\217\010\015\243S:\032_\366y\001\371K\325\020\241Q\336"
 742      533A1A5F 
 742      F67901F9 
 742      4BD510A1 
 742      51DE
 743 02bc D68DA505 		.ascii	"\326\215\245\005\225\276=\276/\335\236\015\016\273\303"
 743      95BE3DBE 
 743      2FDD9E0D 
 743      0EBBC3
 744 02cb 61CF29CD 		.ascii	"a\317)\315\257\251QK\213\024y\2577 \227\026\227\330"
 744      AFA9514B 
 744      8B1479AF 
 744      37209716 
 744      97D8
 745 02dd DC25AE9C 		.ascii	"\334%\256\234\015\237:\262sl\256\374\242\302m.\347v"
 745      0D9F3AB2 
 745      736CAEFC 
 745      A2C26D2E 
 745      E776
 746 02ef 27E4D9ED 		.ascii	"'\344\331\355\"\377\313\252XYV%\326\310J@\025\015\252"
 746      22FFCBAA 
 746      58595625 
 746      D6C84A40 
 746      150DAA
 747 0302 5858B855 		.ascii	"XX\270Ut\357v\2278\013\2768\340`Y\217\032\360TU\225"
 747      74EF7697 
 747      380BBE38 
 747      E060598F 
ARM GAS  C:\Users\arthu\AppData\Local\Temp\ccwVTT46.s 			page 21


 747      1AF05455 
 748 0317 DB25C8FC 		.ascii	"\333%\310\374o\235\254\322\207\022\260U\373\370\336"
 748      6F9DACD2 
 748      8712B055 
 748      FBF8DE
 749 0326 5E096B12 		.ascii	"^\011k\0229J@\364UKU\373\313\275\242T\251\326\2524\377"
 749      394A40F4 
 749      554B55FB 
 749      CBBDA254 
 749      A9D6AA34 
 750 033b 51625E92 		.ascii	"Qb^\222\375~\271\332<>\277\330u \317\346\242LIV\274"
 750      FD7EB9DA 
 750      3C3EBFD8 
 750      7520CFE6 
 750      A24C4956 
 751 0350 949ABCA7 		.ascii	"\224\232\274\247L\365\026)\276\215K\224x\017\005X\201"
 751      4CF51629 
 751      BE8D4B94 
 751      780F0558 
 751      81
 752 0361 58E0723B 		.ascii	"X\340r;\335b\001-\020\235\261\223\374\252O\365TH\022"
 752      DD62012D 
 752      109DB193 
 752      FCAA4FF5 
 752      544812
 753 0374 6DF161E2 		.ascii	"m\361a\342\374\366\334\274\217\245\\ov\031\254r\271"
 753      FCF6DCBC 
 753      8FA55C6F 
 753      7619AC72 
 753      B9
 754 0385 8BD359F7 		.ascii	"\213\323Y\367\032\305\267>}m6\020\005\222\375^\277\254"
 754      1AC5B73E 
 754      7D6D3610 
 754      0592FD5E 
 754      BFAC
 755 0397 D4C2BF4F 		.ascii	"\324\302\277OK\364\032"
 755      4BF41A
 756              		.text
 757              		.section	.gnu.lto_st_lld_init.309.c045d644,"e",%progbits
 758 0000 789C5360 		.ascii	"x\234S`d`(d``P\006bFf\006\306I\023\273\230\030\032\032"
 758      64602864 
 758      60605006 
 758      62466606 
 758      C64913BB 
 759 0018 1A1CD899 		.ascii	"\032\034\330\231\030\033'v\0112\356d\004\363\030\031"
 759      181B2776 
 759      0932EE64 
 759      04F31819 
 760 0028 EA9918EB 		.ascii	"\352\231\030\353\031\3270\353\003\271?\272\367\316\213"
 760      19D730EB 
 760      03B93FBA 
 760      F7CE8B
 761 0037 6F587180 		.ascii	"oXq\200\361\015\003C=\003\024pC\330@\363\030\326_b}"
 761      F10D0343 
 761      3D031470 
 761      43D840F3 
 761      18D65F62 
ARM GAS  C:\Users\arthu\AppData\Local\Temp\ccwVTT46.s 			page 22


 762 004c D0F0E3FF 		.ascii	"\320\360\343\377\374\206\206\256>\306\333\335\312l\014"
 762      FC8686AE 
 762      3EC6DBDD 
 762      CA6C0C
 763 005b 0C2B9941 		.ascii	"\014+\231A\2466\26002\254bf\202\260\032\0170\374gjx"
 763      A636B030 
 763      32AC6266 
 763      82B01A0F 
 763      30FC676A 
 764 0070 B4F2A821 		.ascii	"\264\362\250!C3\363\241/+4Y\031\331j\031\031\300\344"
 764      4333F3A1 
 764      2F2B3459 
 764      19D96A19 
 764      19C0E4
 765 0083 8403CD0D 		.ascii	"\204\003\315\015|\254\214k@\226\257\220\252\336\303"
 765      7CAC8C6B 
 765      4096AF90 
 765      AADEC3
 766 0092 B89B91C1 		.ascii	"\270\233\221\301laC\003G\345^\306r\006\006\266R\306"
 766      6C614303 
 766      47E55EC6 
 766      720606B6 
 766      52C6
 767 00a4 F93399C0 		.ascii	"\3713\231\300\332\327\302\264k`U~\200\261\030\254\234"
 767      DAD7C2B4 
 767      6B60557E 
 767      80B118AC 
 767      9C
 768 00b5 01AC7823 		.ascii	"\001\254x#\222]X\024\037f\004\006\005\233\006#;X\361"
 768      925D5814 
 768      1F660406 
 768      059B0623 
 768      3B58F1
 769 00c8 53A0E256 		.ascii	"S\240\342V\346V\005\206.F\246\374\\\260)\334@\314\301"
 769      E6560586 
 769      2E46A6FC 
 769      5CB029DC 
 769      40CCC1
 770 00db C4C5D0CE 		.ascii	"\304\305\320\316\334\364\340\355QA\260\277W23B\374\323"
 770      DCF4E0ED 
 770      5141B0BF 
 770      57323342 
 770      FCD3
 771 00ed 7000C833 		.ascii	"p\000\3103w\261\212q\316\310L\312\364\017\21672\324"
 771      77B18A71 
 771      CEC84CCA 
 771      F40F8E37 
 771      32D4
 772 00ff 3334D433 		.ascii	"34\3243\216q,((\216\011(\312\317J-\311\217\011\012\321"
 772      8E712C28 
 772      288E0928 
 772      CACF4A2D 
 772      C98F090A 
 773 0114 0D0EF135 		.ascii	"\015\016\36156r340\326\365u\014\360q\365\365\364\363"
 773      36723334 
 773      30D6F575 
 773      0CF071F5 
ARM GAS  C:\Users\arthu\AppData\Local\Temp\ccwVTT46.s 			page 23


 773      F5F4F3
 774 0127 6430D7D3 		.ascii	"d0\327\323\323\207\240\374b\375\214\304\034\375\202"
 774      D387A0FC 
 774      62FD8CC4 
 774      1CFD82
 775 0136 FCA29262 		.ascii	"\374\242\222b}\260R}\037\037\027\375\340\310\340\020"
 775      7DB0527D 
 775      1F1F17FD 
 775      E0C8E010 
 776 0146 4F67EF32 		.ascii	"Og\3572C\220l|qI|NN\212^2\003\000an\2109"
 776      43906C7C 
 776      71497C4E 
 776      4E8A5E32 
 776      0300616E 
 777              		.text
 778              		.section	.gnu.lto_st_lld_serve_interrupt.310.c045d644,"e",%progbits
 779 0000 789C6D53 		.ascii	"x\234mSkH\024Q\024>g\306U#\301\244\007\375K\212\020"
 779      6B481451 
 779      143E67C6 
 779      5523C1A4 
 779      07FD4B8A 
 780 0015 AADD7115 		.ascii	"\252\335q\025\221\212\"\261\242-\267\314\225(\020\304"
 780      918A22B1 
 780      A22DB7CC 
 780      952810C4 
 781 0025 A625B75C 		.ascii	"\246%\267\\\307fVKB\234\264\007YR\366\243\372!ZdD\262"
 781      C766564B 
 781      429CB407 
 781      5952F6A3 
 781      FA215A64 
 782 003b 1512958F 		.ascii	"\025\022\225\217\035[{\271\371DK\360GH\265b\010+\370"
 782      1D5B7BB9 
 782      F9444BF0 
 782      4748B562 
 782      082BF8
 783 004e 2830E875 		.ascii	"(0\350u\357\334Q\267h\030f\356\371\316w\316\375\316"
 783      EFDC51B7 
 783      681866EE 
 783      F9CE77CE 
 783      FDCE
 784 0060 7767AEF3 		.ascii	"wg\256\363\000\007\020`\015\000 \017x\255\246\212\003"
 784      00071060 
 784      0D00200F 
 784      78ADA68A 
 784      03
 785 0071 5555B745 		.ascii	"UU\267Eqx\246\246*\016[P\217\020\3129,G//\220p\366\222"
 785      7178A6A6 
 785      2A0E5B50 
 785      8F10CA39 
 785      2C472F2F 
 786 0089 763518AD 		.ascii	"v5\030\255\252\347V\206\000\312\301\270\026\223u+\002"
 786      AAE75686 
 786      00CAC1B8 
 786      1693752B 
 786      02
 787 009a 6F42B22A 		.ascii	"oB\262*kC \013Bn\376\320\264\014Z\361\264\021\372\336"
 787      6B43200B 
ARM GAS  C:\Users\arthu\AppData\Local\Temp\ccwVTT46.s 			page 24


 787      426EFED0 
 787      B40C5AF1 
 787      B411FADE 
 788 00ae 5F78F038 		.ascii	"_x\3608\006|Xj\000\265\037\252\252cA\303\223\363\361"
 788      067C586A 
 788      00B51FAA 
 788      AA6341C3 
 788      93F3F1
 789 00c1 A5FACDD0 		.ascii	"\245\372\315\320\216\305$\216\\\212\021\344\271\034"
 789      8EC5248E 
 789      5C8A11E4 
 789      B91C
 790 00cf E34D18FD 		.ascii	"\343M\030\375\211v4\373\311\366\243uO\353S\352T\177"
 790      897634FB 
 790      C9F6A375 
 790      4FEB53EA 
 790      547F
 791 00e1 84F202CB 		.ascii	"\204\362\002\313:\320\217\360\022\271\310\006\356\027"
 791      3AD08FF0 
 791      12B9C806 
 791      EE17
 792 00ef 67C2F594 		.ascii	"g\302\365\224\320|\243v\346`\260R\015\250\224RnP\210"
 792      D07CA376 
 792      E660B052 
 792      0DA89452 
 792      6E5088
 793 0102 4643D248 		.ascii	"FC\322HK\314+\204\347XFE\277F\246\025\340D\347\234h"
 793      4BCC2B84 
 793      E7584645 
 793      BF46A615 
 793      E044E79C 
 794 0117 DFD7F1EA 		.ascii	"\337\327\361\352;Hd\237\240\214\000\316'n\216X\011*"
 794      3B48649F 
 794      A08C00CE 
 794      276E8E58 
 794      092A
 795 0129 2D0C1320 		.ascii	"-\014\023 \303t\241{a\030-\026\272\361\370\3020\255"
 795      C374A17B 
 795      61182D16 
 795      BAF1F8C2 
 795      30AD
 796 013b 9BA1075D 		.ascii	"\233\241\007]\300\224M\376\230\031\016\362j\203\312"
 796      C0944DFE 
 796      98190EF2 
 796      6A83CA
 797 014a FD57D7C5 		.ascii	"\375W\327\305\266\230>\204^\246\253\237\352\242\311"
 797      B6983E84 
 797      5EA6AB9F 
 797      EAA2C9
 798 0159 4783A68F 		.ascii	"G\203\246\217\352\354\357zU\275\262%\320\344\235\256"
 798      EAECEF7A 
 798      55BDB225 
 798      D0E49DAE 
 799 0169 1B8B3601 		.ascii	"\033\2136\001\334\347\3519\251\021\010\215<\307V\225"
 799      DCE7E939 
 799      A911088D 
 799      3CC75695 
ARM GAS  C:\Users\arthu\AppData\Local\Temp\ccwVTT46.s 			page 25


 800 0179 7EF8CDA9 		.ascii	"~\370\315\251\237\247\336\354\247\357\231\201:oo\307"
 800      9FA7DEEC 
 800      A7EF9981 
 800      3A6F6FC7 
 801 0189 5ADA85A2 		.ascii	"Z\332\205\242Oz\255::\325\350\365y9\364\031\250\217"
 801      4F7AAD3A 
 801      3AD5E8F5 
 801      7939F419 
 801      A88F
 802 019b 67E8C3AF 		.ascii	"g\350\303\257\241\246\004\324\030\3723\244s\203-c\004"
 802      A1A604D4 
 802      18FA33A4 
 802      73832D63 
 802      04
 803 01ac 6B67D8F7 		.ascii	"kg\330\3671\212U\334\212\000|\211\221\012&\352uo\265"
 803      318A55DC 
 803      8A007C89 
 803      910A26EA 
 803      756FB5
 804 01bf 507B1B87 		.ascii	"P{\033\207\257\030\347[\373R|\215p\226\257XM\245\267"
 804      AF18E75B 
 804      FB527C8D 
 804      7096AF58 
 804      4DA5B7
 805 01d2 91F348E8 		.ascii	"\221\363H\350\341\316G\0375\341\"2\310 \002y\275\303"
 805      E1CE471F 
 805      35E12232 
 805      C8200279 
 805      BDC3
 806 01e4 01EA6642 		.ascii	"\001\352fB?I8)<D\206$\235''\037\316\216\305\321\356"
 806      3F493829 
 806      3C448624 
 806      9D27271F 
 806      CE8EC5D1 
 807 01f9 3454A7A7 		.ascii	"4T\247\247\032\233}\335\363B5\337V\035\035\270\367\354"
 807      1A9B7DDD 
 807      F34235DF 
 807      561D1DB8 
 807      F7EC
 808 020b F272F255 		.ascii	"\362r\362U\032\023\216\016\221\011;\031eb\250\211\303"
 808      1A138E0E 
 808      91093B19 
 808      6562A889 
 808      C3
 809 021c 00C239BE 		.ascii	"\000\3029\2762\036\252\220\023\363H\300-ae\235\177\225"
 809      321EAA90 
 809      13F348C0 
 809      2D61659D 
 809      7F95
 810 022e CD5263DE 		.ascii	"\315Rc\336\262\262\333}s\306\214j\304\230.\243\231\266"
 810      B2B2DB7D 
 810      73C68C6A 
 810      C4982EA3 
 810      99B6
 811 0240 8B99A9ED 		.ascii	"\213\231\251\355f\243isF}\234 \246t3\326\370\0043\352"
 811      66A36973 
 811      467D9C20 
ARM GAS  C:\Users\arthu\AppData\Local\Temp\ccwVTT46.s 			page 26


 811      A67433D6 
 811      F80433EA 
 812 0254 FB1782F5 		.ascii	"\373\027\202\3650\354nh\336\250^j\024\204\033\325\267"
 812      30EC6E68 
 812      DEA85E6A 
 812      14841BD5 
 812      B7
 813 0265 60547FB8 		.ascii	"`T\177\270Q\272/\303\272?a~4\204\342h\023\200\013|\305"
 813      51BA2FC3 
 813      BA3F617E 
 813      3484E268 
 813      13800B7C 
 814 027a E4C097E0 		.ascii	"\344\300\227\340e\372?\352?\333}\036\331\231W\370I\224"
 814      65FA3FEA 
 814      3FDB7D1E 
 814      D99957F8 
 814      4994
 815 028c BA7D534E 		.ascii	"\272}SNz\276\353\260k\237#7\311j\261Z-\3119iEEJN\246"
 815      7ABEEBB0 
 815      6B9F2337 
 815      C96AB15A 
 815      2DC93969 
 816 02a5 2C1D737A 		.ascii	",\035sz\244\234\254l\263#\333\236\234\264\323\232\230"
 816      A49CAC6C 
 816      B323DB9E 
 816      9CB4D39A 
 816      98
 817 02b6 6CB6A765 		.ascii	"l\266\247ef\354\260\333\366\332 \325b\021\330-)B~^\201"
 817      66ECB0DB 
 817      F6DA20D5 
 817      6211D82D 
 817      29427E5E 
 818 02cb 5024C91E 		.ascii	"P$\311\036E\320\251BF\306v\301q\310\221mK\337Sb\245"
 818      45D0A942 
 818      46C676C1 
 818      71C8916D 
 818      4BDF5362 
 819 02e0 D95CC593 		.ascii	"\331\\\305\223[Pp\304\"\302\232\177\353$\205<d\217\271"
 819      5B5070C4 
 819      22C29A7F 
 819      EB24853C 
 819      648FB9
 820 02f3 D0C5D696 		.ascii	"\320\305\326\226|X\025\316\221=\202\253P,(>\342\024"
 820      7C5815CE 
 820      913D82AB 
 820      502C283E 
 820      E214
 821 0305 C47CA554 		.ascii	"\304|\245T!\371u\341yQr\273\245Bc\373\264,{I\252\331"
 821      21F975E1 
 821      795172BB 
 821      A54263FB 
 821      B42C7B49 
 822 031b 4E98A224 		.ascii	"N\230\242$;\0115\352p\236\342\314\224]\233\376S\342"
 822      3B0935EA 
 822      709EE2CC 
 822      945D9BFE 
 822      53E2
ARM GAS  C:\Users\arthu\AppData\Local\Temp\ccwVTT46.s 			page 27


 823 032d 3CE5A105 		.ascii	"<\345\241\005B\272\335as\010\351\244@\260\315\355\344"
 823      42BADD61 
 823      7308E9A4 
 823      40B0CDED 
 823      E4
 824 033e 565C4AEE 		.ascii	"V\\J\356QQ$-V\204\353\267\244\244n\024S\234\211y\260"
 824      5151242D 
 824      5684EBB7 
 824      A4A46E14 
 824      539C8979 
 825 0353 C4EEC88A 		.ascii	"\304\356\310\212\247\335\213d\327\206\370\265\211\300"
 825      A7DD8B64 
 825      D786F8B5 
 825      89C0
 826 0361 C910E576 		.ascii	"\311\020\345v\272%\271\024\376\000\367\264\316W"
 826      BA25B914 
 826      FE00F7B4 
 826      CE57
 827              		.text
 828              		.section	.gnu.lto_.symbol_nodes.c045d644,"e",%progbits
 829 0000 789C75CE 		.ascii	"x\234u\316\271\015\200@\014D\321\33117\0019\011\245"
 829      B90D8040 
 829      0C44D1D9 
 829      31370139 
 829      09A5
 830 0012 7A852860 		.ascii	"z\205(`\213\341\216I\241%n\262\345G\226\236%{\305\031"
 830      8BE18E49 
 830      A1256EB2 
 830      E547969E 
 830      257BC519 
 831 0026 5B6A68CF 		.ascii	"[jh\317\002\3436@\201\331\325\274\240\243F^\350\251"
 831      02E33640 
 831      81D9D5BC 
 831      A0A3465E 
 831      E8A9
 832 0038 B10FCC40 		.ascii	"\261\017\314@M\366\267\352F\300:{\333DM\377l\244f?&"
 832      4DF6B7EA 
 832      46C03A7B 
 832      DB444DFF 
 832      6CA4663F 
 833 004d 089E534D 		.ascii	"\010\236SM!\220g\\J1\357\313M$\374\026r\034]\340E6"
 833      2190675C 
 833      4A31EFCB 
 833      4D24FC16 
 833      721C5DE0 
 834              		.text
 835              		.section	.gnu.lto_.refs.c045d644,"e",%progbits
 836 0000 789C6364 		.ascii	"x\234cd\000\002\000\000\012\000\002"
 836      00020000 
 836      0A0002
 837              		.text
 838              		.section	.gnu.lto_.decls.c045d644,"e",%progbits
 839 0000 789CA554 		.ascii	"x\234\245TmPT\327\031>\357aY.\012.\037&\345Gf\264\323"
 839      6D5054D7 
 839      193EEF61 
 839      592E0A2E 
 839      1F26E547 
ARM GAS  C:\Users\arthu\AppData\Local\Temp\ccwVTT46.s 			page 28


 840 0017 3F4C3AB0 		.ascii	"?L:\260Y\030C\223_\022\014\355N!2,\351\264S\333\015"
 840      59184393 
 840      5F120CED 
 840      4E21322C 
 840      E9B453DB 
 841 002c 596FC2C6 		.ascii	"Yo\302\306\375\240\273\213\225\037\2359wY\311\306`Y"
 841      FDA0BB8B 
 841      951F9D39 
 841      7759C9C6 
 841      6059
 842 003e 9B96D01D 		.ascii	"\233\226\320\035F\227M\322v&\266C&\2661\206\304\025"
 842      46974DD2 
 842      7626B643 
 842      26B63186 
 842      C415
 843 0050 3791201A 		.ascii	"7\221 \032Q\211;\3048 `\210hY\001\225\030L\372\236{"
 843      51893BC4 
 843      38206088 
 843      68590195 
 843      184CFA9E 
 844 0065 2E74A1FC 		.ascii	".t\241\374i{\207\207\373\336\363>\357\363~\234\263\247"
 844      697B8787 
 844      FBDEF33E 
 844      EFF37E9C 
 844      B3A7
 845 0077 3D83909A 		.ascii	"=\203\220\2324B\262\200\220o\361\321\021B.!\326#\216"
 845      3442B280 
 845      906FF1D1 
 845      11422E21 
 845      D6238E
 846 008a 21CE2186 		.ascii	"!\316!\206\020\237 \372\020\011\304\010\3422\342\012"
 846      109F20FA 
 846      1009C408 
 846      E232E20A 
 847 009a 62143189 		.ascii	"b\0241\211x\013\343\3635\377\264\346\277\211\230A\314"
 847      780BE3F3 
 847      35FFB4E6 
 847      BF899841 
 847      CC
 848 00ab 226E6B3A 		.ascii	"\"nk:w\021_!\276F|\203\000\214\313\000\221?\033\204"
 848      77115F21 
 848      BE467C83 
 848      008CCB00 
 848      913F1B84 
 849 00bf DE254DFB 		.ascii	"\336%M\373\357 \352\030\321\352X\252aP\323:\215\030"
 849      EF20EA18 
 849      D1EA58AA 
 849      6150D33A 
 849      8D18
 850 00d1 406C0051 		.ascii	"@l\000Q\303\004\342]\264s\265\374\323\377g\015\372|"
 850      C304E25D 
 850      B473B5FC 
 850      D3FF670D 
 850      FA7C
 851 00e3 D0E91F80 		.ascii	"\320\351\037\200\315:\352W>\277\017\2711\306\026X,\220"
 851      CD3AEA57 
 851      3EBF0FB9 
ARM GAS  C:\Users\arthu\AppData\Local\Temp\ccwVTT46.s 			page 29


 851      31C61658 
 851      2C90
 852 00f5 59780C78 		.ascii	"Yx\014x\232\367@\245H\022%\372B\340\3033\340\233Hz\262"
 852      9AF740A5 
 852      481225FA 
 852      42E0C333 
 852      E09B487A 
 853 010a 85A94F74 		.ascii	"\205\251Ot\023\211!\007\237\312,\351\027DG\217'O^\225"
 853      13892107 
 853      9FCA2CE9 
 853      1744478F 
 853      274F5E95 
 854 011e 0CA35C86 		.ascii	"\014\243\\\206\275\224GT\231>(<\001\307\341\003\220"
 854      BD944754 
 854      993E283C 
 854      01C7E103 
 854      90
 855 012f 9E23D22E 		.ascii	"\236#\322..\230\2039\031H\215\030\020\333\337\033\317"
 855      2E988339 
 855      19488D18 
 855      10DBDF1B 
 855      CF
 856 0140 500362FF 		.ascii	"P\003b\377\031\240[\367\306\300\314B\306\303\370\024"
 856      19A05BF7 
 856      C6C0CC42 
 856      C6C3F814 
 857 0150 4C22E5BD 		.ascii	"L\"\345\275\366+\037\376&|\221\265\263\210\277\225~"
 857      F62B1FFE 
 857      267C91B5 
 857      B388BF95 
 857      7E
 858 0161 0CFD7016 		.ascii	"\014\375p\026D\245\275\210c@\306\030\353IN'\241?V~\022"
 858      44A5BD88 
 858      6340C618 
 858      EB494E27 
 858      A13F567E 
 859 0176 3E5CF69A 		.ascii	">\\\366\232\010)U}\363K\276\367WD\012\347\354\2223\236"
 859      0829557D 
 859      F34BBEF7 
 859      57440AE7 
 859      EC92339E 
 860 018a 1A88AAD8 		.ascii	"\032\210\252\330h\000\221IN\301G\270x\026N\300i8\003"
 860      68009149 
 860      4EC147B8 
 860      78164EC0 
 860      693803
 861 019d 8330C07B 		.ascii	"\2030\300{\227\246\000\373\270|\367\213S\031\005+\231"
 861      97A600FB 
 861      B87CF78B 
 861      5319052B 
 861      99
 862 01ae 9FC02AAA 		.ascii	"\237\300*\252\216v\316\214\315\351\226\307|NK3\004\334"
 862      8E76CE8C 
 862      CDE996C7 
 862      7C4E4B33 
 862      04DC
 863 01c0 77E3E2E0 		.ascii	"w\343\342\340\342zCl\355\331\351\350\037\332\317\274"
ARM GAS  C:\Users\arthu\AppData\Local\Temp\ccwVTT46.s 			page 30


 863      E27A436C 
 863      EDD9E9E8 
 863      1FDACFBC 
 864 01d0 BF610E50 		.ascii	"\277a\016P>\310bJ\\b\321\300~\326\312\342\012t\262\243"
 864      3EC8624A 
 864      5C62D1C0 
 864      7ED6CAE2 
 864      0A74B2A3 
 865 01e4 2C72A46D 		.ascii	",r\244m\177Z8\032\017*H(\210\266\034e\341\236g\302a"
 865      7F5A381A 
 865      0F2A4828 
 865      88B61C65 
 865      E19E67C2 
 866 01f9 D6D6D71D 		.ascii	"\326\326\327\035d\021\000?.\307\024}\030_\310h+`]|\377"
 866      6411003F 
 866      2EC7147D 
 866      185FC868 
 866      2B605D7C 
 867 020e 5ADB22A0 		.ascii	"Z\333\"\240\210\255d\331\354\010c-\210\315\341@OL\301"
 867      88AD64D9 
 867      EC08632D 
 867      88CDE140 
 867      4F4CC1
 868 0221 46CE41E4 		.ascii	"F\316A\344\265V\364<\203\010)\327\224\027\263\223\312"
 868      B556F43C 
 868      830829D7 
 868      9417B393 
 868      CA
 869 0232 147BD53F 		.ascii	"\024{\325?\025\332\334\302x\242V\006\235\021d\304ZY"
 869      15DADCC2 
 869      78A25606 
 869      9D1164C4 
 869      5A59
 870 0244 416720A8 		.ascii	"Ag \250\264\371\343\2541\334\025\014\016\335\017\004"
 870      B4F9E3AC 
 870      31DC150C 
 870      0EDD0F04 
 871 0254 73422C16 		.ascii	"sB,\026T\242q\226\253D\002\301W\243\201 \260H?S\"\214"
 871      54A27196 
 871      AB4402C1 
 871      57A38120 
 871      B0483F53 
 872 026a 4108BF0E 		.ascii	"A\010\277\016 r\017D\342h\304X\236\022\015\204x\025"
 872      20720F44 
 872      E268C458 
 872      9E120D84 
 872      7815
 873 027c B92CCA82 		.ascii	"\271,\312\202\376\350\326\003\243{\361\013\203\231\237"
 873      FEE8D603 
 873      A37BF10B 
 873      83999F
 874 028b 33B62991 		.ascii	"3\266)\221\270\370\016aaJ\224\205r1BAy\324\300\034\\"
 874      B8F80E61 
 874      614A9485 
 874      72314241 
 874      79D4C01C 
 875 02a0 3E070DA4 		.ascii	">\007\015\244n\345\023R\374\033s\324s)z\223\2647\036"
ARM GAS  C:\Users\arthu\AppData\Local\Temp\ccwVTT46.s 			page 31


 875      6EE51352 
 875      FC1B73D4 
 875      73297A93 
 875      B4371E
 876 02b3 F4B93F0F 		.ascii	"\364\271?\017\372\245y>\306\211C\221\003\352\341\005"
 876      FAA5793E 
 876      C6894391 
 876      03EAE105 
 877 02c3 F240682B 		.ascii	"\362@h+\001\2661G\332O\371\371\244x>st4\321\361\351"
 877      01B63147 
 877      DA4FF9F9 
 877      A4783E73 
 877      7434D1F1 
 878 02d8 DBF01032 		.ascii	"\333\360\0202\347\031+\274A.\301\247HO\000\231S\267"
 878      E7192BBC 
 878      412EC1A7 
 878      484F0099 
 878      53B7
 879 02ea 52E9FD78 		.ascii	"R\351\375x6\273\260\263\223-\314\277\221\370\345A\026"
 879      36BBB0B3 
 879      932DCCBF 
 879      91F8E541 
 879      16
 880 02fb E3239612 		.ascii	"\343#\226\0220\214{\316U\207\201\\\204\013P\331E\245"
 880      308C7BCE 
 880      5587815C 
 880      840B50D9 
 880      45A5
 881 030d 618AFCDF 		.ascii	"a\212\374\337\215_<\234\311\371\311\203\207\346\340"
 881      8D5F3C9C 
 881      C9F9C983 
 881      87E6E0
 882 031c 2FBC1C48 		.ascii	"/\274\034H\300\210\306\036\321\330\277\247\322\030g"
 882      C088C61E 
 882      D1D8BFA7 
 882      D21867
 883 032b CF9E3D14 		.ascii	"\317\236=\0240pvOh<\311\331!\316\276,\330\237\243!\350"
 883      3070764F 
 883      683CC9D9 
 883      21CEBE2C 
 883      D89FA321 
 884 0340 6D545AE0 		.ascii	"mTZ\340\364\241\211\317Z\220\216g'y\244cf\353XK\244"
 884      F4A189CF 
 884      5A908E67 
 884      2779A463 
 884      66EB584B 
 885 0355 30015734 		.ascii	"0\001W4\355+\374\177e\200J\357\244!\365\332\205\276"
 885      ED2BFC7F 
 885      65804AEF 
 885      A421F5DA 
 885      85BE
 886 0367 7780538F 		.ascii	"w\200S\217N\365\236\3570\304j\0220\252\021GU\342$H\327"
 886      4EF59EEF 
 886      30C46A12 
 886      30AA1147 
 886      55E22448 
 887 037c 39F18F03 		.ascii	"9\361\217\003\247\017\247e\342\312y\230\303\317\341"
ARM GAS  C:\Users\arthu\AppData\Local\Temp\ccwVTT46.s 			page 32


 887      A70FA765 
 887      E2CA7998 
 887      C3CFE1
 888 038b E97B8732 		.ascii	"\351{\2072\305\3478\036\307\341\327\3774\221\261z8\223"
 888      C5E7381E 
 888      C7E1D7FF 
 888      3491B17A 
 888      3893
 889 039d 4026D4B3 		.ascii	"@&\324\263\374\345+\221\221l5Io\274\373\205\203\254"
 889      FCE52B91 
 889      916C3549 
 889      6FBCFB85 
 889      83AC
 890 03af 8F4EC255 		.ascii	"\217N\302U-\313U5\313M\220\336\326\021\351\204\016\331"
 890      2DCB5535 
 890      CB4D90DE 
 890      D611E984 
 890      0ED9
 891 03c1 2FF79DEC 		.ascii	"/\367\235\354\322\243\364\224\032\273*o\377\275\233"
 891      D2A3F494 
 891      1ABB2A6F 
 891      FFBD9B
 892 03d0 1DEB5627 		.ascii	"\035\353V'\232\006r\035_\205!\034\377\342\340\330\235"
 892      9A06721D 
 892      5F85211C 
 892      FFE2E0D8 
 892      9D
 893 03e1 9F8FB730 		.ascii	"\237\217\2670>\244P\3724|\241\346\371\022n\240%\246"
 893      3EA450FA 
 893      347CA1E6 
 893      F9126EA0 
 893      25A6
 894 03f3 749B4AFB 		.ascii	"t\233J\373\322\005y~x\354z\326\341^\306\360x\371\363"
 894      D205797E 
 894      78EC7AD6 
 894      E15EC6F0 
 894      78F9F3
 895 0406 70376F8A 		.ascii	"p7o\212\252\376\211\206 \377\203J'\004\031\007\324q"
 895      AAFE8986 
 895      20FF834A 
 895      27041907 
 895      D471
 896 0418 D0C0CE31 		.ascii	"\320\300\3161\026\211\320\004\314\010f\022\015\301\354"
 896      1689D004 
 896      CC086612 
 896      0DC1EC
 897 0427 A7D2F9F4 		.ascii	"\247\322\371\364U\345\253I\222G\216\335\371\351rE\011"
 897      55E5AB49 
 897      92478EDD 
 897      F9E97245 
 897      09
 898 0438 B8A546CE 		.ascii	"\270\245F\316\302\034Z\"t\204J\223k\205\366t\315\211"
 898      C21C5A22 
 898      74844A93 
 898      6B85F674 
 898      CD89
 899 044a DDE661F3 		.ascii	"\335\346a\363j\330m\270\203\226\010\273A\245\231\345"
ARM GAS  C:\Users\arthu\AppData\Local\Temp\ccwVTT46.s 			page 33


 899      6AD86DB8 
 899      839608BB 
 899      41A599E5 
 900 045a 46BAFF96 		.ascii	"F\272\377\226\235\332\310]Q\336\002\032\202\374:\225"
 900      9DDAC85D 
 900      51DE021A 
 900      82FC3A95 
 901 046a 5AF44275 		.ascii	"Z\364Bu\361\232\246\212g\350+\301\273\207\206\340\375"
 901      F19AA68A 
 901      67E82BC1 
 901      BB8786E0 
 901      FD
 902 047b 954A9DFA 		.ascii	"\225J\235\372\245\206gS\032\376Z0\027\321\020\314\343"
 902      A5866753 
 902      1AFE5A30 
 902      17D110CC 
 902      E3
 903 048c 547A53BF 		.ascii	"TzS\277v\303\311\025\015\337W#\277\201o\321\022\241"
 903      76C3C915 
 903      0DDF5723 
 903      BF816FD1 
 903      12A1
 904 049e 43548AAD 		.ascii	"CT\212\255\025\332\263\230\3220\243<L\241~\312\250\010"
 904      15DAB398 
 904      D230A33C 
 904      4CA17ECA 
 904      A808
 905 04b0 1BA73ABA 		.ascii	"\033\247:\272o\337[\335\351\006\246\335\213\371\342"
 905      6FDF5BDD 
 905      E906A6DD 
 905      8BF9E2
 906 04bf CA6CA1C4 		.ascii	"\312l\241\304T\"\015\242\244\376\225\031\377@\226\341"
 906      54220DA2 
 906      A4FE9519 
 906      FF4096E1 
 907 04cf BB00F887 		.ascii	"\273\000\370\207\267g\222\371\261\355-%$@\367R\362\""
 907      B76792F9 
 907      B1ED2D25 
 907      2440F752 
 907      F222
 908 04e1 6DA5F8C3 		.ascii	"m\245\370\303\\\334\264\227\342\247\216\236\377\354"
 908      5CDCB497 
 908      E2A78E9E 
 908      FFEC
 909 04ef CCADCCEF 		.ascii	"\314\255\314\357\210{:\006{\2518NA\312\005\371O_\217"
 909      887B3A06 
 909      7BA9384E 
 909      41CA05F9 
 909      4F5F8F
 910 0502 07AEA3FB 		.ascii	"\007\256\243\373\315\015\253\363\355\303|/Q$d\340\335"
 910      CD0DABF3 
 910      EDC37C2F 
 910      512464E0 
 910      DD
 911 0513 F0031DED 		.ascii	"\360\003\035\355}m\344Vv\212N\033}\031\005\360\372@"
 911      7D6DE456 
 911      768A4E1B 
ARM GAS  C:\Users\arthu\AppData\Local\Temp\ccwVTT46.s 			page 34


 911      7D1905F0 
 911      FA40
 912 0525 22B679F5 		.ascii	"\"\266y\365\302\251\360\277\357\371\204v\317\377V\365"
 912      C2A9F0BF 
 912      EFF98476 
 912      CFFF56F5 
 913 0535 45AFB370 		.ascii	"E\257\263p\306\262oR\363\265\243\217\244\375\244\274"
 913      C6B26F52 
 913      F3B5A38F 
 913      A4FDA4BC 
 914 0545 EAD1E262 		.ascii	"\352\321\342b\243\370s{\215\015\365\016c\243\333\343"
 914      A3F8737B 
 914      8D0DF50E 
 914      63A3DBE3 
 915 0555 F31A2D75 		.ascii	"\363\032-u\325\245%\306\252\252mF\313\317,u\346\212"
 915      D5A525C6 
 915      AAAA6D46 
 915      CBCF2C75 
 915      E68A
 916 0567 1FEF3671 		.ascii	"\037\3576q\257\325\353\263:\034;\213m\322\017\237zz"
 916      AFD5EBB3 
 916      3A1C3B8B 
 916      6DD20F9F 
 916      7A7A
 917 0579 7385A98C 		.ascii	"s\205\251\214<\230\272Z\274\245\3541\333\026\371\221"
 917      3C98BA5A 
 917      BCA5EC31 
 917      DB16F991 
 918 0589 7A2235D9 		.ascii	"z\"5\331]\276\322\022\253OW\265\275|\233\256\242\256"
 918      5DBED212 
 918      AB4F57B5 
 918      BD7C9BAE 
 918      A2AE
 919 059b B62ABDA2 		.ascii	"\266*\275\242\274\312\374D\331\266\307wT4\330\237\265"
 919      BCCAFC44 
 919      D9B6C777 
 919      5434D89F 
 919      B5
 920 05ac 6FB7584B 		.ascii	"o\267XKL\305&Sq\351\216\362\306F\357\216\032\217\373"
 920      4CC52653 
 920      71E98EF2 
 920      C646EF8E 
 920      1A8FFB
 921 05bf 05D9E7DE 		.ascii	"\005\331\347\336Q[W\244&\2574=RZT]^S\365d\265\371)3"
 921      515B57A4 
 921      26AF343D 
 921      525A545D 
 921      5E53F564 
 922 05d7 792CB54E 		.ascii	"y,\265N\233\333\351t\273\214\362\036\237\261\274\266"
 922      9BDBE974 
 922      BB8CF21E 
 922      9FB1BCB6 
 923 05e7 DA58516D 		.ascii	"\332XQm1[\214\025n\217l4\273l\216\246\23522<\262\325"
 923      315B8C15 
 923      6E8F6C34 
 923      BB6C8EA6 
 923      9D32323C 
ARM GAS  C:\Users\arthu\AppData\Local\Temp\ccwVTT46.s 			page 35


 924 05fd E62C2D6E 		.ascii	"\346,-n Y\226fo\235\335\266\313Z\327\334(\247\231\036"
 924      20599666 
 924      6F9DDDB6 
 924      CB5AD7DC 
 924      28A7991E 
 925 0611 2552BDC7 		.ascii	"%R\275\307\271\273\254\310I\326!\313'\357)r\226\022"
 925      B9BBACC8 
 925      49D621CB 
 925      27EF2972 
 925      9612
 926 0623 C312E947 		.ascii	"\303\022\351G\365\256\235\016\331S\366\277\215\205\254"
 926      F5AE9D0E 
 926      D953F6BF 
 926      8D85AC
 927 0632 1796D5EE 		.ascii	"\027\226\325\356\262\373\036\324l\257\354\331-\343\212"
 927      B2FB1ED4 
 927      6CAFECD9 
 927      2DE38A
 928 0641 4FF6789A 		.ascii	"O\366x\232\032}\371V+\027\263\332=\277\262\312\215v"
 928      1A7DF956 
 928      2B17B3DA 
 928      3DBFB2CA 
 928      8D76
 929 0653 87FBF926 		.ascii	"\207\373\371&\371\3415\272\023\031\261?\254\265\332"
 929      F9E135BA 
 929      1319B13F 
 929      ACB5DA
 930 0662 686BE02D 		.ascii	"hk\340-a;y\266\006\265V\247\354\321j5oJ\215\366\370"
 930      613B79B6 
 930      06B556A7 
 930      ECD16A35 
 930      6F4A8DF6 
 931 0677 8CF6A521 		.ascii	"\214\366\245!4x\233\275\030\362\220k\267\335f\221}\030"
 931      34789BBD 
 931      18F2906B 
 931      B7DD6691 
 931      7D18
 932 0689 E7939D5A 		.ascii	"\347\223\235ZT\215\307\356\366\330}\315\337_\273S\255"
 932      548DC7EE 
 932      F6D87DCD 
 932      DF5FBB53 
 932      AD
 933 069a 084C5F51 		.ascii	"\010L_Q\275\307\310\005P(\333\212\315\370\254O\224["
 933      BDC7C805 
 933      5028DB8A 
 933      CDF8AC4F 
 933      945B
 934 06ac 9EACA935 		.ascii	"\236\254\2515g\327;~]\337\354\305\316\034v\227\374\370"
 934      67D73B7E 
 934      5DDFECC5 
 934      CE1C7697 
 934      FCF8
 935 06be 7FB9414E 		.ascii	"\177\271AN\257\335k}\336\306e\363\334\336z\007\026W"
 935      AFDD6B7D 
 935      DEC665F3 
 935      DCDE7A07 
 935      1657
ARM GAS  C:\Users\arthu\AppData\Local\Temp\ccwVTT46.s 			page 36


 936 06d0 E5B6EDAA 		.ascii	"\345\266\355\252\364\270\235fK\355\367VW\305)\330[\221"
 936      F4B89D66 
 936      4BEDF756 
 936      57C529D8 
 936      5B91
 937 06e2 CB2E6C0C 		.ascii	"\313.l\014\313Q'\221\022\224\247\316\325\201\013\326"
 937      CB512791 
 937      1294A7CE 
 937      D5810BD6 
 938 06f2 E770C56A 		.ascii	"\347p\305j\367z2\227\227\362y\324\366\225\203\333\250"
 938      F77A3297 
 938      97F279D4 
 938      F69583DB 
 938      A8
 939 0703 257EDAE5 		.ascii	"%~\332\345HQQeW,mTU\232\\+\244\327\247,\352l\015\365"
 939      48515165 
 939      572C6D54 
 939      559A5C2B 
 939      A4D7A72C 
 940 071b 9E7F01FE 		.ascii	"\236\177\001\376\001:\016"
 940      013A0E
 941              		.text
 942              		.section	.gnu.lto_.symtab.c045d644,"e",%progbits
 943 0000 53797354 		.ascii	"SysTick_Handler\000"
 943      69636B5F 
 943      48616E64 
 943      6C657200 
 944 0010 00       		.ascii	"\000"
 945 0011 00       		.ascii	"\000"
 946 0012 00       		.ascii	"\000"
 947 0013 00000000 		.ascii	"\000\000\000\000\000\000\000\000"
 947      00000000 
 948 001b D8000000 		.ascii	"\330\000\000\000"
 949 001f 73745F6C 		.ascii	"st_lld_init\000"
 949      6C645F69 
 949      6E697400 
 950 002b 00       		.ascii	"\000"
 951 002c 00       		.ascii	"\000"
 952 002d 00       		.ascii	"\000"
 953 002e 00000000 		.ascii	"\000\000\000\000\000\000\000\000"
 953      00000000 
 954 0036 DA000000 		.ascii	"\332\000\000\000"
 955 003a 73745F6C 		.ascii	"st_lld_serve_interrupt\000"
 955      6C645F73 
 955      65727665 
 955      5F696E74 
 955      65727275 
 956 0051 00       		.ascii	"\000"
 957 0052 00       		.ascii	"\000"
 958 0053 00       		.ascii	"\000"
 959 0054 00000000 		.ascii	"\000\000\000\000\000\000\000\000"
 959      00000000 
 960 005c DC000000 		.ascii	"\334\000\000\000"
 961 0060 5F5F706F 		.ascii	"__port_irq_epilogue\000"
 961      72745F69 
 961      72715F65 
 961      70696C6F 
ARM GAS  C:\Users\arthu\AppData\Local\Temp\ccwVTT46.s 			page 37


 961      67756500 
 962 0074 00       		.ascii	"\000"
 963 0075 02       		.ascii	"\002"
 964 0076 00       		.ascii	"\000"
 965 0077 00000000 		.ascii	"\000\000\000\000\000\000\000\000"
 965      00000000 
 966 007f DE000000 		.ascii	"\336\000\000\000"
 967 0083 63685379 		.ascii	"chSysTimerHandlerI\000"
 967      7354696D 
 967      65724861 
 967      6E646C65 
 967      724900
 968 0096 00       		.ascii	"\000"
 969 0097 02       		.ascii	"\002"
 970 0098 00       		.ascii	"\000"
 971 0099 00000000 		.ascii	"\000\000\000\000\000\000\000\000"
 971      00000000 
 972 00a1 E0000000 		.ascii	"\340\000\000\000"
 973 00a5 6E766963 		.ascii	"nvicSetSystemHandlerPriority\000"
 973      53657453 
 973      79737465 
 973      6D48616E 
 973      646C6572 
 974 00c2 00       		.ascii	"\000"
 975 00c3 02       		.ascii	"\002"
 976 00c4 00       		.ascii	"\000"
 977 00c5 00000000 		.ascii	"\000\000\000\000\000\000\000\000"
 977      00000000 
 978 00cd E5000000 		.ascii	"\345\000\000\000"
 979              		.text
 980              		.section	.gnu.lto_.ext_symtab.c045d644,"e",%progbits
 981 0000 01       		.ascii	"\001"
 982 0001 01       		.ascii	"\001"
 983 0002 00       		.ascii	"\000"
 984 0003 01       		.ascii	"\001"
 985 0004 00       		.ascii	"\000"
 986 0005 01       		.ascii	"\001"
 987 0006 00       		.ascii	"\000"
 988 0007 01       		.ascii	"\001"
 989 0008 00       		.ascii	"\000"
 990 0009 01       		.ascii	"\001"
 991 000a 00       		.ascii	"\000"
 992 000b 01       		.ascii	"\001"
 993 000c 00       		.ascii	"\000"
 994              		.text
 995              		.section	.gnu.lto_.opts,"e",%progbits
 996 0000 272D666E 		.ascii	"'-fno-openmp' '-fno-openacc' '-fno-pie' '-fcf-prote"
 996      6F2D6F70 
 996      656E6D70 
 996      2720272D 
 996      666E6F2D 
 997 0033 6374696F 		.ascii	"ction=none' '-g' '-mcpu=cortex-m3' '-mthumb' '-mflo"
 997      6E3D6E6F 
 997      6E652720 
 997      272D6727 
 997      20272D6D 
 998 0066 61742D61 		.ascii	"at-abi=soft' '-mlibarch=armv7-m' '-march=armv7-m' '"
ARM GAS  C:\Users\arthu\AppData\Local\Temp\ccwVTT46.s 			page 38


 998      62693D73 
 998      6F667427 
 998      20272D6D 
 998      6C696261 
 999 0099 2D4F3227 		.ascii	"-O2' '-fomit-frame-pointer' '-falign-functions=16' "
 999      20272D66 
 999      6F6D6974 
 999      2D667261 
 999      6D652D70 
 1000 00cc 272D6666 		.ascii	"'-ffunction-sections' '-fdata-sections' '-fno-commo"
 1000      756E6374 
 1000      696F6E2D 
 1000      73656374 
 1000      696F6E73 
 1001 00ff 6E272027 		.ascii	"n' '-flto' '-Xassembler' '-alms=./build/lst/hal_st_"
 1001      2D666C74 
 1001      6F272027 
 1001      2D586173 
 1001      73656D62 
 1002 0132 6C6C642E 		.ascii	"lld.lst'\000"
 1002      6C737427 
 1002      00
 1003              		.text
 1004              		.comm	__gnu_lto_slim,1,1
 1005              		.ident	"GCC: (Arm GNU Toolchain 13.3.Rel1 (Build arm-13.24)) 13.3.1 20240614"
ARM GAS  C:\Users\arthu\AppData\Local\Temp\ccwVTT46.s 			page 39


DEFINED SYMBOLS
                            *ABS*:00000000 hal_st_lld.c
C:\Users\arthu\AppData\Local\Temp\ccwVTT46.s:27     .gnu.debuglto_.debug_info:00000000 hal_st_lld.c.579c5e0a
                            *COM*:00000001 __gnu_lto_slim

NO UNDEFINED SYMBOLS
